# Preference setting overrides
gui_create_pref_key -category {Globals} -key {load_detail_for_funcov} -value_type {bool} -value {false}

# State setting overrides
gui_state_default_create -off -ini
gui_set_state_value -category Globals -key recent_sessions -value {{gui_load_session -ignore_errors -file /afs/ece.cmu.edu/usr/davidx/Private/18447/lab4-2021-intel-5ghz-space-cooler/output/simulation/session.inter.vpd.tcl -ignore_errors} {gui_load_session -ignore_errors -file /afs/ece.cmu.edu/usr/davidx/Private/18447/lab4-2021-intel-5ghz-space-cooler/output/simulation/session.inter.vpd.tcl} {gui_load_session -ignore_errors -file /afs/ece.cmu.edu/usr/davidx/Private/18447/lab4-2021-intel-5ghz-space-cooler/output/simulation/DVEfiles//crash_05.06-01.31/dve_session05.06-01.31.tcl} {gui_load_session -ignore_errors -file /afs/ece.cmu.edu/usr/davidx/Private/18447/lab4-2021-intel-5ghz-space-cooler/output/simulation/DVEfiles//crash_05.04-01.00/dve_session05.04-01.00.tcl} {gui_load_session -ignore_errors -file /afs/ece.cmu.edu/usr/davidx/Private/18447/lab4-2021-intel-5ghz-space-cooler/output/simulation/DVEfiles//crash_05.04-00.04/dve_session05.04-00.04.tcl}}
gui_set_state_value -category Layout -key child_console_size_x -value 2558
gui_set_state_value -category Layout -key child_console_size_y -value 538
gui_set_state_value -category Layout -key child_data_coltype -value 119
gui_set_state_value -category Layout -key child_data_colvalue -value 149
gui_set_state_value -category Layout -key child_data_colvariable -value 284
gui_set_state_value -category Layout -key child_data_size_x -value 506
gui_set_state_value -category Layout -key child_data_size_y -value 766
gui_set_state_value -category Layout -key child_driver_size_x -value 2263
gui_set_state_value -category Layout -key child_driver_size_y -value 575
gui_set_state_value -category Layout -key child_hier_col3 -value {-1}
gui_set_state_value -category Layout -key child_hier_colhier -value 150
gui_set_state_value -category Layout -key child_hier_colpd -value 0
gui_set_state_value -category Layout -key child_hier_size_x -value 185
gui_set_state_value -category Layout -key child_hier_size_y -value 766
gui_set_state_value -category Layout -key child_list_down -value 166
gui_set_state_value -category Layout -key child_list_right -value 443
gui_set_state_value -category Layout -key child_source_docknewline -value false
gui_set_state_value -category Layout -key child_source_pos_x -value {-2}
gui_set_state_value -category Layout -key child_source_pos_y -value {-15}
gui_set_state_value -category Layout -key child_source_size_x -value 1870
gui_set_state_value -category Layout -key child_source_size_y -value 761
gui_set_state_value -category Layout -key child_wave_colname -value 369
gui_set_state_value -category Layout -key child_wave_colvalue -value 370
gui_set_state_value -category Layout -key child_wave_left -value 743
gui_set_state_value -category Layout -key child_wave_right -value 1811
gui_set_state_value -category Layout -key main_pos_x -value 0
gui_set_state_value -category Layout -key main_pos_y -value 23
gui_set_state_value -category Layout -key main_size_x -value 2558
gui_set_state_value -category Layout -key main_size_y -value 1408
gui_set_state_value -category Layout -key stand_list_child_pos_x -value {-2}
gui_set_state_value -category Layout -key stand_list_child_pos_y -value {-15}
gui_set_state_value -category Layout -key stand_list_child_size_x -value 603
gui_set_state_value -category Layout -key stand_list_child_size_y -value 311
gui_set_state_value -category Layout -key stand_list_top_pos_x -value 506
gui_set_state_value -category Layout -key stand_list_top_pos_y -value 58
gui_set_state_value -category Layout -key stand_list_top_size_x -value 1104
gui_set_state_value -category Layout -key stand_list_top_size_y -value 556
gui_set_state_value -category Layout -key stand_source_child_pos_x -value {-2}
gui_set_state_value -category Layout -key stand_source_child_pos_y -value {-15}
gui_set_state_value -category Layout -key stand_source_child_size_x -value 1869
gui_set_state_value -category Layout -key stand_source_child_size_y -value 761
gui_set_state_value -category Layout -key stand_source_top_pos_x -value 564
gui_set_state_value -category Layout -key stand_source_top_pos_y -value 162
gui_set_state_value -category Layout -key stand_source_top_size_x -value 1426
gui_set_state_value -category Layout -key stand_source_top_size_y -value 560
gui_set_state_value -category Layout -key stand_wave_child_docknewline -value false
gui_set_state_value -category Layout -key stand_wave_child_pos_x -value {-2}
gui_set_state_value -category Layout -key stand_wave_child_pos_y -value {-15}
gui_set_state_value -category Layout -key stand_wave_child_size_x -value 2564
gui_set_state_value -category Layout -key stand_wave_child_size_y -value 1300
gui_set_state_value -category Layout -key stand_wave_top_pos_x -value 0
gui_set_state_value -category Layout -key stand_wave_top_pos_y -value 23
gui_set_state_value -category Layout -key stand_wave_top_size_x -value 2559
gui_set_state_value -category Layout -key stand_wave_top_size_y -value 1409
gui_create_state_key -category FindDialog -key m_pMatchCase -value_type bool -value false
gui_create_state_key -category FindDialog -key m_pMatchWord -value_type bool -value false
gui_create_state_key -category FindDialog -key m_pUseCombo -value_type string -value {}
gui_create_state_key -category FindDialog -key m_pWrapAround -value_type bool -value true
gui_create_state_key -category Widget_History -key TopLevel.1|qt_left_dock|DockWnd2|DLPane.1|pages|Data.1|hbox|textfilter -value_type string -value {PC* mux alusrc1 PC_}
gui_create_state_key -category Widget_History -key TopLevel.2|EkTopVbox|wndWorkspace|qt_workspacechild2|Wave.1|left|filterVBox|controlHBox|unnamed -value_type string -value nextpc
gui_create_state_key -category Widget_History -key dlgSearchValue|m_ValueComboBox -value_type string -value {10 16 f8 400014 400084}
gui_create_state_key -category Widget_History -key {dlgSimSetup|m_setupTab|tab pages|BuildTab|m_rebuildBtnGroup|m_customCmdCombo} -value_type string -value {{echo blah} {make golden} {echo blah} {echo blah} {echo blah}}
gui_create_state_key -category Widget_History -key {dlgSimSetup|m_setupTab|tab pages|SimTab|m_VPDCombo} -value_type string -value inter.vpd
gui_create_state_key -category Widget_History -key {dlgSimSetup|m_setupTab|tab pages|SimTab|m_argsCombo} -value_type string -value {{-ucligui +SIMPLE} +COMPLEX {-ucligui +BASIC} +BASIC {-ucligui }}
gui_create_state_key -category Widget_History -key {dlgSimSetup|m_setupTab|tab pages|SimTab|m_curDirCombo} -value_type string -value {/afs/ece.cmu.edu/usr/davidx/Private/18740/18740_lab2_sv/sv /afs/ece.cmu.edu/usr/davidx/Private/18447/lab4-2021-intel-5ghz-space-cooler/output/simulation /afs/ece.cmu.edu/usr/davidx/Private/18447/lab3-2021-amd-5ghz-space-heater/output/simulation /afs/ece.cmu.edu/usr/davidx/Private/18447/lab2-2021-intel-5ghz-space-heater-1/output/simulation /afs/ece.cmu.edu/usr/davidx/Private/18447/lab1b-2021-intel-5ghz-space-heater/output/simulation}
gui_create_state_key -category Widget_History -key {dlgSimSetup|m_setupTab|tab pages|SimTab|m_exeCombo} -value_type string -value {/afs/ece.cmu.edu/usr/davidx/Private/18740/18740_lab2_sv/sv/simv ./simv /afs/ece.cmu.edu/usr/davidx/Private/18447/lab4-2021-intel-5ghz-space-cooler/output/simulation/riscv_core ./riscv_core /afs/ece.cmu.edu/usr/davidx/Private/18447/lab3-2021-amd-5ghz-space-heater/output/simulation/riscv_core}
gui_state_default_create -off

# Begin command logging
gui_set_pref_value -category {Globals} -key {smart_resize} -value {false}
gui_set_pref_value -category {Globals} -key {smart_resize} -value {true}
gui_sim_run Ucli -exe ./simv -args {-ucligui  } -dir .
gui_list_select -id Data.1 -selected  { top.tb_tx   }
gui_list_select -id Data.1 -selected  { top.tb_rx   }
gui_list_select -id Data.1 -selected  { top.tb_tx   }
gui_list_select -id Data.1 -selected  {  }
gui_list_select -id Data.1 -selected  { {top.rx_data[7:0]}   }
gui_list_select -id Data.1 -selected  { top.clk  top.rst_n  top.tb_tx  top.tb_rx  top.tx_data_valid  top.tx_data_ready  {top.tx_data[7:0]}  top.rx_data_valid  top.rx_data_ready  {top.rx_data[7:0]}   }
gui_open_window Wave
gui_list_add -id Wave.1 -from Data.1 { top.clk top.rst_n top.tb_tx top.tb_rx top.tx_data_valid top.tx_data_ready {top.tx_data[7:0]} top.rx_data_valid top.rx_data_ready {top.rx_data[7:0]} } -insertionbar
gui_sim_continue  
gui_list_select -id Wave.1 -selected  { top.rx_data_ready   }
gui_list_select -id Wave.1 -selected  { top.tx_data_ready   }
gui_list_select -id Wave.1 -selected  { top.tx_data_valid   }
gui_list_select -id Wave.1 -selected  { top.tb_rx   }
gui_list_select -id Wave.1 -selected  { top.tb_tx   }
gui_list_select -id Wave.1 -selected  { top.rx_data_valid   }
gui_list_select -id Wave.1 -selected  { top.rx_data_ready   }
gui_list_select -id Wave.1 -selected  { top.rx_data_valid   }
gui_list_select -id Wave.1 -selected  { top.rst_n   }
gui_list_select -id Wave.1 -selected  { top.tb_tx   }
gui_wv_zoom_timerange -id  Wave.1 0 597
gui_wv_zoom_timerange -id  Wave.1 0 445
gui_list_select -id Hier.1 -current_item_name _vcs_unit__4146107702 -current_item_type Scope  -selected  { _vcs_unit__4146107702   }
gui_list_expand -id  Hier.1   top
gui_list_select -id Hier.1 -current_item_name top.end_simulation -current_item_type Scope  -selected  { top.end_simulation   }
gui_list_select -id Hier.1 -current_item_name top.dut -current_item_type Scope  -selected  { top.dut   }
gui_list_expand -id  Hier.1   top.dut
gui_list_select -id Hier.1 -current_item_name top.dut.uart_recv -current_item_type Scope  -selected  { top.dut.uart_recv   }
gui_list_expand -id  Hier.1   top.dut.uart_recv
gui_list_select -id Hier.1 -current_item_name top.dut.uart_recv.rx_core -current_item_type Scope  -selected  { top.dut.uart_recv.rx_core   }
gui_list_select -id Data.1 -selected  { {top.dut.uart_recv.rx_core.cs[31:0]}   }
gui_list_select -id Data.1 -selected  { {top.dut.uart_recv.rx_core.cs[31:0]}  top.dut.uart_recv.rx_core.ns   }
gui_list_add -id Wave.1 -from Data.1 { {top.dut.uart_recv.rx_core.cs[31:0]} top.dut.uart_recv.rx_core.ns } -insertionbar
gui_sim_restart
gui_sim_continue  
gui_list_select -id Data.1 -selected  {  }
gui_list_select -id Hier.1 -current_item_name top.dut.uart_recv -current_item_type Scope  -selected  { top.dut.uart_recv   }
gui_list_select -id Data.1 -selected  { {top.dut.uart_recv.cs[31:0]}   }
gui_list_select -id Data.1 -selected  { {top.dut.uart_recv.cs[31:0]}  top.dut.uart_recv.ns   }
gui_list_select -id Data.1 -selected  {  }
gui_list_select -id Hier.1 -current_item_name top.dut.uart_recv.rx_core -current_item_type Scope  -selected  { top.dut.uart_recv.rx_core   }
gui_list_select -id Data.1 -selected  { {top.dut.uart_recv.rx_core.timing_offset[3:0]}   }
gui_list_select -id Data.1 -selected  { top.dut.uart_recv.rx_core.do_edge_count   }
gui_list_select -id Data.1 { top.dut.uart_recv.rx_core.do_edge_count  {top.dut.uart_recv.rx_core.ns[31:0]}  {top.dut.uart_recv.rx_core.cs[31:0]}  top.dut.uart_recv.rx_core.clk  top.dut.uart_recv.rx_core.rst_n  top.dut.uart_recv.rx_core.bitstream_in  top.dut.uart_recv.rx_core.active_rx  top.dut.uart_recv.rx_core.bit_ready  top.dut.uart_recv.rx_core.rx_bit  top.dut.uart_recv.rx_core.framing_err  top.dut.uart_recv.rx_core.done  {top.dut.uart_recv.rx_core.timing_offset[3:0]}  {top.dut.uart_recv.rx_core.bit_count[2:0]}  top.dut.uart_recv.rx_core.last_logic_level  top.dut.uart_recv.rx_core.resync  top.dut.uart_recv.rx_core.take_sample  top.dut.uart_recv.rx_core.do_edge_count   }
gui_open_window Wave
gui_list_add -id Wave.2 -from Data.1 { {top.dut.uart_recv.rx_core.ns[31:0]} {top.dut.uart_recv.rx_core.cs[31:0]} top.dut.uart_recv.rx_core.clk top.dut.uart_recv.rx_core.rst_n top.dut.uart_recv.rx_core.bitstream_in top.dut.uart_recv.rx_core.active_rx top.dut.uart_recv.rx_core.bit_ready top.dut.uart_recv.rx_core.rx_bit top.dut.uart_recv.rx_core.framing_err top.dut.uart_recv.rx_core.done {top.dut.uart_recv.rx_core.timing_offset[3:0]} {top.dut.uart_recv.rx_core.bit_count[2:0]} top.dut.uart_recv.rx_core.last_logic_level top.dut.uart_recv.rx_core.resync top.dut.uart_recv.rx_core.take_sample top.dut.uart_recv.rx_core.do_edge_count } -insertionbar
gui_wv_zoom_timerange -id  Wave.2 0 597
gui_wv_zoom_timerange -id  Wave.2 0 445
gui_sim_restart
gui_sim_continue  
gui_list_select -id Wave.2 -selected  { {top.dut.uart_recv.rx_core.bit_count[2:0]}   }
gui_list_select -id Wave.2 -selected  { {top.dut.uart_recv.rx_core.timing_offset[3:0]}   }
gui_list_select -id Wave.2 -selected  { {top.dut.uart_recv.rx_core.bit_count[2:0]}   }
gui_set_env SIMSETUP::SIMCURRENTDIR /afs/ece.cmu.edu/usr/davidx/Private/18725/flex-uart
gui_sim_restart -build {echo blah}
gui_sim_continue  
gui_sim_restart -build {vcs -debug -sverilog verif/uart-tb.sv rtl/uart-*}
gui_sim_continue  
gui_wv_zoom_timerange -id  Wave.2 0 443
gui_wv_zoom_timerange -id  Wave.2 0 596
gui_list_select -id Wave.2 -selected  { top.dut.uart_recv.rx_core.rst_n   }
gui_list_select -id Wave.2 -selected  { top.dut.uart_recv.rx_core.clk   }
gui_list_select -id Wave.2 -selected  { top.dut.uart_recv.rx_core.bitstream_in   }
gui_list_select -id Wave.2 -selected  { top.dut.uart_recv.rx_core.active_rx   }
gui_list_select -id Wave.2 -selected  { top.dut.uart_recv.rx_core.bit_ready   }
gui_list_select -id Wave.2 -selected  { top.dut.uart_recv.rx_core.bitstream_in   }
gui_list_select -id Wave.2 -selected  { top.dut.uart_recv.rx_core.do_edge_count   }
gui_list_select -id Wave.2 -selected  { top.dut.uart_recv.rx_core.take_sample   }
gui_marker_move -id  Wave.2 C1 58
gui_list_select -id Wave.2 -selected  { top.dut.uart_recv.rx_core.resync   }
gui_wv_scrollright -id  Wave.2  line
gui_wv_scrollright -id  Wave.2  line
gui_wv_scrollright -id  Wave.2  line
gui_wv_scrollright -id  Wave.2  line
gui_wv_scrollright -id  Wave.2  line
gui_wv_scrollright -id  Wave.2  line
gui_wv_scrollright -id  Wave.2  line
gui_wv_scrollright -id  Wave.2  line
gui_wv_scrollright -id  Wave.2  line
gui_wv_scrollright -id  Wave.2  line
gui_wv_scrollright -id  Wave.2  line
gui_list_select -id Wave.2 -selected  { top.dut.uart_recv.rx_core.last_logic_level   }
gui_list_select -id Wave.2 -selected  { top.dut.uart_recv.rx_core.resync   }
gui_list_select -id Wave.2 -selected  { top.dut.uart_recv.rx_core.take_sample   }
gui_wv_scrollright -id  Wave.2  line
gui_wv_scrollright -id  Wave.2  line
gui_wv_scrollright -id  Wave.2  line
gui_wv_scrollright -id  Wave.2  line
gui_wv_scrollright -id  Wave.2  line
gui_wv_scrollright -id  Wave.2  line
gui_wv_scrollright -id  Wave.2  line
gui_wv_scrollleft -id  Wave.2  line
gui_wv_scrollleft -id  Wave.2  line
gui_wv_scrollleft -id  Wave.2  line
gui_wv_scrollleft -id  Wave.2  line
gui_wv_scrollleft -id  Wave.2  line
gui_wv_scrollleft -id  Wave.2  line
gui_wv_scrollleft -id  Wave.2  line
gui_wv_scrollleft -id  Wave.2  line
gui_marker_move -id  Wave.2 C1 195
gui_list_select -id Wave.2 -selected  { {top.dut.uart_recv.rx_core.bit_count[2:0]}   }
gui_marker_move -id  Wave.2 C1 275
gui_marker_move -id  Wave.2 C1 435
gui_wv_scrollright -id  Wave.2  line
gui_wv_scrollright -id  Wave.2  line
gui_wv_scrollright -id  Wave.2  line
gui_wv_scrollright -id  Wave.2  line
gui_wv_scrollright -id  Wave.2  line
gui_wv_scrollright -id  Wave.2  line
gui_list_select -id Wave.2 -selected  { top.dut.uart_recv.rx_core.take_sample   }
gui_seek_next -id Wave.2 -number 1 
gui_seek_previous -id Wave.2 -number 1 
gui_seek_previous -id Wave.2 -number 1 
gui_seek_previous -id Wave.2 -number 1 
gui_seek_previous -id Wave.2 -number 1 
gui_seek_previous -id Wave.2 -number 1 
gui_seek_previous -id Wave.2 -number 1 
gui_seek_previous -id Wave.2 -number 1 
gui_seek_previous -id Wave.2 -number 1 
gui_seek_previous -id Wave.2 -number 1 
gui_seek_previous -id Wave.2 -number 1 
gui_seek_previous -id Wave.2 -number 1 
gui_seek_previous -id Wave.2 -number 1 
gui_seek_previous -id Wave.2 -number 1 
gui_seek_next -id Wave.2 -number 1 
gui_seek_next -id Wave.2 -number 1 
gui_seek_next -id Wave.2 -number 1 
gui_seek_next -id Wave.2 -number 1 
gui_marker_move -id  Wave.2 C1 77
gui_wv_zoom_timerange -id  Wave.2 0 444
gui_list_expand -id  Hier.1   top.end_simulation
gui_list_collapse -id  Hier.1   top.end_simulation
gui_list_expand -id  Hier.1   top.nominal_uart_rx_test
gui_list_expand -id  Hier.1   top.nominal_uart_tx_test
gui_list_expand -id  Hier.1   {top.nominal_uart_tx_test.unnamed$$_0}
gui_list_collapse -id  Hier.1   {top.nominal_uart_tx_test.unnamed$$_0}
gui_list_collapse -id  Hier.1   top.nominal_uart_tx_test
gui_list_collapse -id  Hier.1   top.nominal_uart_rx_test
gui_wv_zoom_timerange -id  Wave.2 0 444
gui_wv_zoom_timerange -id  Wave.2 0 597
gui_wv_zoom_timerange -id  Wave.2 0 444
gui_wv_zoom_timerange -id  Wave.2 0 445
gui_list_select -id Wave.2 -selected  { top.dut.uart_recv.rx_core.rst_n   }
gui_marker_move -id  Wave.2 C1 15
gui_marker_move -id  Wave.2 C1 26
gui_list_select -id Wave.2 -selected  { top.dut.uart_recv.rx_core.take_sample   }
gui_list_select -id Wave.2 -selected  { top.dut.uart_recv.rx_core.do_edge_count   }
gui_list_select -id Wave.2 -selected  { top.dut.uart_recv.rx_core.bitstream_in   }
gui_marker_select -id  Wave.2 { C1 }
