Chronologic VCS simulator copyright 1991-2015
Contains Synopsys proprietary information.
Compiler version K-2015.09_Full64; Runtime version K-2015.09_Full64;  Mar 23 17:26 2022
VCD+ Writer K-2015.09_Full64 Copyright (c) 1991-2015 by Synopsys Inc.
The design has assertions or cover properties.
The assertion browser can be used to view them. Click on the assertion toolbar button or use the menu 'Window->Panes->Assertion' to open it.
The file '/afs/ece.cmu.edu/usr/davidx/Private/18725/flex-uart/inter.vpd' was opened successfully.
"verif/uart-tb.sv", 328: top.uart_send_random_shit_test.unnamed$$_0.unnamed$$_13: started at 60835s failed at 60835s
	Offending '(rx_data == packet.data)'
startLen: (16), stopLen: (18), data: (10000011)
bit (          0) duration: (17)
bit (          1) duration: (16)
bit (          2) duration: (17)
bit (          3) duration: (14)
bit (          4) duration: (17)
bit (          5) duration: (14)
bit (          6) duration: (14)
bit (          7) duration: (18)
Error: "verif/uart-tb.sv", 328: top.uart_send_random_shit_test.unnamed$$_0.unnamed$$_13: at time 60835
Data received (80) does not match sent data (83)
"verif/uart-tb.sv", 328: top.uart_send_random_shit_test.unnamed$$_0.unnamed$$_13: started at 112175s failed at 112175s
	Offending '(rx_data == packet.data)'
startLen: (16), stopLen: (18), data: (10000011)
bit (          0) duration: (17)
bit (          1) duration: (16)
bit (          2) duration: (17)
bit (          3) duration: (14)
bit (          4) duration: (17)
bit (          5) duration: (14)
bit (          6) duration: (14)
bit (          7) duration: (18)
Error: "verif/uart-tb.sv", 328: top.uart_send_random_shit_test.unnamed$$_0.unnamed$$_13: at time 112175
Data received (37) does not match sent data (83)
"verif/uart-tb.sv", 328: top.uart_send_random_shit_test.unnamed$$_0.unnamed$$_13: started at 145965s failed at 145965s
	Offending '(rx_data == packet.data)'
startLen: (16), stopLen: (18), data: (10000011)
bit (          0) duration: (17)
bit (          1) duration: (16)
bit (          2) duration: (17)
bit (          3) duration: (14)
bit (          4) duration: (17)
bit (          5) duration: (14)
bit (          6) duration: (14)
bit (          7) duration: (18)
Error: "verif/uart-tb.sv", 328: top.uart_send_random_shit_test.unnamed$$_0.unnamed$$_13: at time 145965
Data received (06) does not match sent data (83)
"verif/uart-tb.sv", 328: top.uart_send_random_shit_test.unnamed$$_0.unnamed$$_13: started at 230395s failed at 230395s
	Offending '(rx_data == packet.data)'
startLen: (16), stopLen: (18), data: (10000011)
bit (          0) duration: (17)
bit (          1) duration: (16)
bit (          2) duration: (17)
bit (          3) duration: (14)
bit (          4) duration: (17)
bit (          5) duration: (14)
bit (          6) duration: (14)
bit (          7) duration: (18)
Error: "verif/uart-tb.sv", 328: top.uart_send_random_shit_test.unnamed$$_0.unnamed$$_13: at time 230395
Data received (cf) does not match sent data (83)
"verif/uart-tb.sv", 328: top.uart_send_random_shit_test.unnamed$$_0.unnamed$$_13: started at 278425s failed at 278425s
	Offending '(rx_data == packet.data)'
startLen: (16), stopLen: (18), data: (10000011)
bit (          0) duration: (17)
bit (          1) duration: (16)
bit (          2) duration: (17)
bit (          3) duration: (14)
bit (          4) duration: (17)
bit (          5) duration: (14)
bit (          6) duration: (14)
bit (          7) duration: (18)
Error: "verif/uart-tb.sv", 328: top.uart_send_random_shit_test.unnamed$$_0.unnamed$$_13: at time 278425
Data received (40) does not match sent data (83)
"verif/uart-tb.sv", 328: top.uart_send_random_shit_test.unnamed$$_0.unnamed$$_13: started at 356595s failed at 356595s
	Offending '(rx_data == packet.data)'
startLen: (16), stopLen: (18), data: (10000011)
bit (          0) duration: (17)
bit (          1) duration: (16)
bit (          2) duration: (17)
bit (          3) duration: (14)
bit (          4) duration: (17)
bit (          5) duration: (14)
bit (          6) duration: (14)
bit (          7) duration: (18)
Error: "verif/uart-tb.sv", 328: top.uart_send_random_shit_test.unnamed$$_0.unnamed$$_13: at time 356595
Data received (06) does not match sent data (83)
"verif/uart-tb.sv", 328: top.uart_send_random_shit_test.unnamed$$_0.unnamed$$_13: started at 366505s failed at 366505s
	Offending '(rx_data == packet.data)'
startLen: (16), stopLen: (18), data: (10000011)
bit (          0) duration: (17)
bit (          1) duration: (16)
bit (          2) duration: (17)
bit (          3) duration: (14)
bit (          4) duration: (17)
bit (          5) duration: (14)
bit (          6) duration: (14)
bit (          7) duration: (18)
Error: "verif/uart-tb.sv", 328: top.uart_send_random_shit_test.unnamed$$_0.unnamed$$_13: at time 366505
Data received (3c) does not match sent data (83)
"verif/uart-tb.sv", 328: top.uart_send_random_shit_test.unnamed$$_0.unnamed$$_13: started at 387325s failed at 387325s
	Offending '(rx_data == packet.data)'
startLen: (16), stopLen: (18), data: (10000011)
bit (          0) duration: (17)
bit (          1) duration: (16)
bit (          2) duration: (17)
bit (          3) duration: (14)
bit (          4) duration: (17)
bit (          5) duration: (14)
bit (          6) duration: (14)
bit (          7) duration: (18)
Error: "verif/uart-tb.sv", 328: top.uart_send_random_shit_test.unnamed$$_0.unnamed$$_13: at time 387325
Data received (06) does not match sent data (83)
"verif/uart-tb.sv", 328: top.uart_send_random_shit_test.unnamed$$_0.unnamed$$_13: started at 443355s failed at 443355s
	Offending '(rx_data == packet.data)'
startLen: (16), stopLen: (18), data: (10000011)
bit (          0) duration: (17)
bit (          1) duration: (16)
bit (          2) duration: (17)
bit (          3) duration: (14)
bit (          4) duration: (17)
bit (          5) duration: (14)
bit (          6) duration: (14)
bit (          7) duration: (18)
Error: "verif/uart-tb.sv", 328: top.uart_send_random_shit_test.unnamed$$_0.unnamed$$_13: at time 443355
Data received (00) does not match sent data (83)
"verif/uart-tb.sv", 328: top.uart_send_random_shit_test.unnamed$$_0.unnamed$$_13: started at 464325s failed at 464325s
	Offending '(rx_data == packet.data)'
startLen: (16), stopLen: (18), data: (10000011)
bit (          0) duration: (17)
bit (          1) duration: (16)
bit (          2) duration: (17)
bit (          3) duration: (14)
bit (          4) duration: (17)
bit (          5) duration: (14)
bit (          6) duration: (14)
bit (          7) duration: (18)
Error: "verif/uart-tb.sv", 328: top.uart_send_random_shit_test.unnamed$$_0.unnamed$$_13: at time 464325
Data received (ff) does not match sent data (83)
"verif/uart-tb.sv", 328: top.uart_send_random_shit_test.unnamed$$_0.unnamed$$_13: started at 511265s failed at 511265s
	Offending '(rx_data == packet.data)'
startLen: (16), stopLen: (18), data: (10000011)
bit (          0) duration: (17)
bit (          1) duration: (16)
bit (          2) duration: (17)
bit (          3) duration: (14)
bit (          4) duration: (17)
bit (          5) duration: (14)
bit (          6) duration: (14)
bit (          7) duration: (18)
Error: "verif/uart-tb.sv", 328: top.uart_send_random_shit_test.unnamed$$_0.unnamed$$_13: at time 511265
Data received (c1) does not match sent data (83)
"verif/uart-tb.sv", 328: top.uart_send_random_shit_test.unnamed$$_0.unnamed$$_13: started at 524675s failed at 524675s
	Offending '(rx_data == packet.data)'
startLen: (16), stopLen: (18), data: (10000011)
bit (          0) duration: (17)
bit (          1) duration: (16)
bit (          2) duration: (17)
bit (          3) duration: (14)
bit (          4) duration: (17)
bit (          5) duration: (14)
bit (          6) duration: (14)
bit (          7) duration: (18)
Error: "verif/uart-tb.sv", 328: top.uart_send_random_shit_test.unnamed$$_0.unnamed$$_13: at time 524675
Data received (06) does not match sent data (83)
"verif/uart-tb.sv", 328: top.uart_send_random_shit_test.unnamed$$_0.unnamed$$_13: started at 777135s failed at 777135s
	Offending '(rx_data == packet.data)'
startLen: (16), stopLen: (18), data: (10000011)
bit (          0) duration: (17)
bit (          1) duration: (16)
bit (          2) duration: (17)
bit (          3) duration: (14)
bit (          4) duration: (17)
bit (          5) duration: (14)
bit (          6) duration: (14)
bit (          7) duration: (18)
Error: "verif/uart-tb.sv", 328: top.uart_send_random_shit_test.unnamed$$_0.unnamed$$_13: at time 777135
Data received (0d) does not match sent data (83)
"verif/uart-tb.sv", 328: top.uart_send_random_shit_test.unnamed$$_0.unnamed$$_13: started at 787335s failed at 787335s
	Offending '(rx_data == packet.data)'
startLen: (16), stopLen: (18), data: (10000011)
bit (          0) duration: (17)
bit (          1) duration: (16)
bit (          2) duration: (17)
bit (          3) duration: (14)
bit (          4) duration: (17)
bit (          5) duration: (14)
bit (          6) duration: (14)
bit (          7) duration: (18)
Error: "verif/uart-tb.sv", 328: top.uart_send_random_shit_test.unnamed$$_0.unnamed$$_13: at time 787335
Data received (1a) does not match sent data (83)
"verif/uart-tb.sv", 328: top.uart_send_random_shit_test.unnamed$$_0.unnamed$$_13: started at 811655s failed at 811655s
	Offending '(rx_data == packet.data)'
startLen: (16), stopLen: (18), data: (10000011)
bit (          0) duration: (17)
bit (          1) duration: (16)
bit (          2) duration: (17)
bit (          3) duration: (14)
bit (          4) duration: (17)
bit (          5) duration: (14)
bit (          6) duration: (14)
bit (          7) duration: (18)
Error: "verif/uart-tb.sv", 328: top.uart_send_random_shit_test.unnamed$$_0.unnamed$$_13: at time 811655
Data received (06) does not match sent data (83)
"verif/uart-tb.sv", 328: top.uart_send_random_shit_test.unnamed$$_0.unnamed$$_13: started at 835135s failed at 835135s
	Offending '(rx_data == packet.data)'
startLen: (16), stopLen: (18), data: (10000011)
bit (          0) duration: (17)
bit (          1) duration: (16)
bit (          2) duration: (17)
bit (          3) duration: (14)
bit (          4) duration: (17)
bit (          5) duration: (14)
bit (          6) duration: (14)
bit (          7) duration: (18)
Error: "verif/uart-tb.sv", 328: top.uart_send_random_shit_test.unnamed$$_0.unnamed$$_13: at time 835135
Data received (60) does not match sent data (83)
"verif/uart-tb.sv", 328: top.uart_send_random_shit_test.unnamed$$_0.unnamed$$_13: started at 851695s failed at 851695s
	Offending '(rx_data == packet.data)'
startLen: (16), stopLen: (18), data: (10000011)
bit (          0) duration: (17)
bit (          1) duration: (16)
bit (          2) duration: (17)
bit (          3) duration: (14)
bit (          4) duration: (17)
bit (          5) duration: (14)
bit (          6) duration: (14)
bit (          7) duration: (18)
Error: "verif/uart-tb.sv", 328: top.uart_send_random_shit_test.unnamed$$_0.unnamed$$_13: at time 851695
Data received (78) does not match sent data (83)
"verif/uart-tb.sv", 328: top.uart_send_random_shit_test.unnamed$$_0.unnamed$$_13: started at 931885s failed at 931885s
	Offending '(rx_data == packet.data)'
startLen: (16), stopLen: (18), data: (10000011)
bit (          0) duration: (17)
bit (          1) duration: (16)
bit (          2) duration: (17)
bit (          3) duration: (14)
bit (          4) duration: (17)
bit (          5) duration: (14)
bit (          6) duration: (14)
bit (          7) duration: (18)
Error: "verif/uart-tb.sv", 328: top.uart_send_random_shit_test.unnamed$$_0.unnamed$$_13: at time 931885
Data received (18) does not match sent data (83)
"verif/uart-tb.sv", 328: top.uart_send_random_shit_test.unnamed$$_0.unnamed$$_13: started at 1006065s failed at 1006065s
	Offending '(rx_data == packet.data)'
startLen: (16), stopLen: (18), data: (10000011)
bit (          0) duration: (17)
bit (          1) duration: (16)
bit (          2) duration: (17)
bit (          3) duration: (14)
bit (          4) duration: (17)
bit (          5) duration: (14)
bit (          6) duration: (14)
bit (          7) duration: (18)
Error: "verif/uart-tb.sv", 328: top.uart_send_random_shit_test.unnamed$$_0.unnamed$$_13: at time 1006065
Data received (0c) does not match sent data (83)
"verif/uart-tb.sv", 328: top.uart_send_random_shit_test.unnamed$$_0.unnamed$$_13: started at 1088495s failed at 1088495s
	Offending '(rx_data == packet.data)'
startLen: (16), stopLen: (18), data: (10000011)
bit (          0) duration: (17)
bit (          1) duration: (16)
bit (          2) duration: (17)
bit (          3) duration: (14)
bit (          4) duration: (17)
bit (          5) duration: (14)
bit (          6) duration: (14)
bit (          7) duration: (18)
Error: "verif/uart-tb.sv", 328: top.uart_send_random_shit_test.unnamed$$_0.unnamed$$_13: at time 1088495
Data received (11) does not match sent data (83)
"verif/uart-tb.sv", 328: top.uart_send_random_shit_test.unnamed$$_0.unnamed$$_13: started at 1170145s failed at 1170145s
	Offending '(rx_data == packet.data)'
startLen: (16), stopLen: (18), data: (10000011)
bit (          0) duration: (17)
bit (          1) duration: (16)
bit (          2) duration: (17)
bit (          3) duration: (14)
bit (          4) duration: (17)
bit (          5) duration: (14)
bit (          6) duration: (14)
bit (          7) duration: (18)
Error: "verif/uart-tb.sv", 328: top.uart_send_random_shit_test.unnamed$$_0.unnamed$$_13: at time 1170145
Data received (dc) does not match sent data (83)
"verif/uart-tb.sv", 328: top.uart_send_random_shit_test.unnamed$$_0.unnamed$$_13: started at 1244455s failed at 1244455s
	Offending '(rx_data == packet.data)'
startLen: (16), stopLen: (18), data: (10000011)
bit (          0) duration: (17)
bit (          1) duration: (16)
bit (          2) duration: (17)
bit (          3) duration: (14)
bit (          4) duration: (17)
bit (          5) duration: (14)
bit (          6) duration: (14)
bit (          7) duration: (18)
Error: "verif/uart-tb.sv", 328: top.uart_send_random_shit_test.unnamed$$_0.unnamed$$_13: at time 1244455
Data received (c0) does not match sent data (83)
"verif/uart-tb.sv", 328: top.uart_send_random_shit_test.unnamed$$_0.unnamed$$_13: started at 1324665s failed at 1324665s
	Offending '(rx_data == packet.data)'
startLen: (16), stopLen: (18), data: (10000011)
bit (          0) duration: (17)
bit (          1) duration: (16)
bit (          2) duration: (17)
bit (          3) duration: (14)
bit (          4) duration: (17)
bit (          5) duration: (14)
bit (          6) duration: (14)
bit (          7) duration: (18)
Error: "verif/uart-tb.sv", 328: top.uart_send_random_shit_test.unnamed$$_0.unnamed$$_13: at time 1324665
Data received (18) does not match sent data (83)
"verif/uart-tb.sv", 328: top.uart_send_random_shit_test.unnamed$$_0.unnamed$$_13: started at 1386425s failed at 1386425s
	Offending '(rx_data == packet.data)'
startLen: (16), stopLen: (18), data: (10000011)
bit (          0) duration: (17)
bit (          1) duration: (16)
bit (          2) duration: (17)
bit (          3) duration: (14)
bit (          4) duration: (17)
bit (          5) duration: (14)
bit (          6) duration: (14)
bit (          7) duration: (18)
Error: "verif/uart-tb.sv", 328: top.uart_send_random_shit_test.unnamed$$_0.unnamed$$_13: at time 1386425
Data received (37) does not match sent data (83)
"verif/uart-tb.sv", 328: top.uart_send_random_shit_test.unnamed$$_0.unnamed$$_13: started at 1524065s failed at 1524065s
	Offending '(rx_data == packet.data)'
startLen: (16), stopLen: (18), data: (10000011)
bit (          0) duration: (17)
bit (          1) duration: (16)
bit (          2) duration: (17)
bit (          3) duration: (14)
bit (          4) duration: (17)
bit (          5) duration: (14)
bit (          6) duration: (14)
bit (          7) duration: (18)
Error: "verif/uart-tb.sv", 328: top.uart_send_random_shit_test.unnamed$$_0.unnamed$$_13: at time 1524065
Data received (1a) does not match sent data (83)
"verif/uart-tb.sv", 328: top.uart_send_random_shit_test.unnamed$$_0.unnamed$$_13: started at 1596515s failed at 1596515s
	Offending '(rx_data == packet.data)'
startLen: (16), stopLen: (18), data: (10000011)
bit (          0) duration: (17)
bit (          1) duration: (16)
bit (          2) duration: (17)
bit (          3) duration: (14)
bit (          4) duration: (17)
bit (          5) duration: (14)
bit (          6) duration: (14)
bit (          7) duration: (18)
Error: "verif/uart-tb.sv", 328: top.uart_send_random_shit_test.unnamed$$_0.unnamed$$_13: at time 1596515
Data received (03) does not match sent data (83)
"verif/uart-tb.sv", 328: top.uart_send_random_shit_test.unnamed$$_0.unnamed$$_13: started at 1608515s failed at 1608515s
	Offending '(rx_data == packet.data)'
startLen: (16), stopLen: (18), data: (10000011)
bit (          0) duration: (17)
bit (          1) duration: (16)
bit (          2) duration: (17)
bit (          3) duration: (14)
bit (          4) duration: (17)
bit (          5) duration: (14)
bit (          6) duration: (14)
bit (          7) duration: (18)
Error: "verif/uart-tb.sv", 328: top.uart_send_random_shit_test.unnamed$$_0.unnamed$$_13: at time 1608515
Data received (dc) does not match sent data (83)
"verif/uart-tb.sv", 328: top.uart_send_random_shit_test.unnamed$$_0.unnamed$$_13: started at 1692095s failed at 1692095s
	Offending '(rx_data == packet.data)'
startLen: (16), stopLen: (18), data: (10000011)
bit (          0) duration: (17)
bit (          1) duration: (16)
bit (          2) duration: (17)
bit (          3) duration: (14)
bit (          4) duration: (17)
bit (          5) duration: (14)
bit (          6) duration: (14)
bit (          7) duration: (18)
Error: "verif/uart-tb.sv", 328: top.uart_send_random_shit_test.unnamed$$_0.unnamed$$_13: at time 1692095
Data received (58) does not match sent data (83)
"verif/uart-tb.sv", 328: top.uart_send_random_shit_test.unnamed$$_0.unnamed$$_13: started at 1809255s failed at 1809255s
	Offending '(rx_data == packet.data)'
startLen: (16), stopLen: (18), data: (10000011)
bit (          0) duration: (17)
bit (          1) duration: (16)
bit (          2) duration: (17)
bit (          3) duration: (14)
bit (          4) duration: (17)
bit (          5) duration: (14)
bit (          6) duration: (14)
bit (          7) duration: (18)
Error: "verif/uart-tb.sv", 328: top.uart_send_random_shit_test.unnamed$$_0.unnamed$$_13: at time 1809255
Data received (6f) does not match sent data (83)
"verif/uart-tb.sv", 328: top.uart_send_random_shit_test.unnamed$$_0.unnamed$$_13: started at 1831065s failed at 1831065s
	Offending '(rx_data == packet.data)'
startLen: (16), stopLen: (18), data: (10000011)
bit (          0) duration: (17)
bit (          1) duration: (16)
bit (          2) duration: (17)
bit (          3) duration: (14)
bit (          4) duration: (17)
bit (          5) duration: (14)
bit (          6) duration: (14)
bit (          7) duration: (18)
Error: "verif/uart-tb.sv", 328: top.uart_send_random_shit_test.unnamed$$_0.unnamed$$_13: at time 1831065
Data received (68) does not match sent data (83)
"verif/uart-tb.sv", 328: top.uart_send_random_shit_test.unnamed$$_0.unnamed$$_13: started at 1876215s failed at 1876215s
	Offending '(rx_data == packet.data)'
startLen: (16), stopLen: (18), data: (10000011)
bit (          0) duration: (17)
bit (          1) duration: (16)
bit (          2) duration: (17)
bit (          3) duration: (14)
bit (          4) duration: (17)
bit (          5) duration: (14)
bit (          6) duration: (14)
bit (          7) duration: (18)
Error: "verif/uart-tb.sv", 328: top.uart_send_random_shit_test.unnamed$$_0.unnamed$$_13: at time 1876215
Data received (1a) does not match sent data (83)
"verif/uart-tb.sv", 328: top.uart_send_random_shit_test.unnamed$$_0.unnamed$$_13: started at 1932795s failed at 1932795s
	Offending '(rx_data == packet.data)'
startLen: (16), stopLen: (18), data: (10000011)
bit (          0) duration: (17)
bit (          1) duration: (16)
bit (          2) duration: (17)
bit (          3) duration: (14)
bit (          4) duration: (17)
bit (          5) duration: (14)
bit (          6) duration: (14)
bit (          7) duration: (18)
Error: "verif/uart-tb.sv", 328: top.uart_send_random_shit_test.unnamed$$_0.unnamed$$_13: at time 1932795
Data received (00) does not match sent data (83)
"verif/uart-tb.sv", 328: top.uart_send_random_shit_test.unnamed$$_0.unnamed$$_13: started at 2009255s failed at 2009255s
	Offending '(rx_data == packet.data)'
startLen: (16), stopLen: (18), data: (10000011)
bit (          0) duration: (17)
bit (          1) duration: (16)
bit (          2) duration: (17)
bit (          3) duration: (14)
bit (          4) duration: (17)
bit (          5) duration: (14)
bit (          6) duration: (14)
bit (          7) duration: (18)
Error: "verif/uart-tb.sv", 328: top.uart_send_random_shit_test.unnamed$$_0.unnamed$$_13: at time 2009255
Data received (68) does not match sent data (83)
"verif/uart-tb.sv", 328: top.uart_send_random_shit_test.unnamed$$_0.unnamed$$_13: started at 2069345s failed at 2069345s
	Offending '(rx_data == packet.data)'
startLen: (16), stopLen: (18), data: (10000011)
bit (          0) duration: (17)
bit (          1) duration: (16)
bit (          2) duration: (17)
bit (          3) duration: (14)
bit (          4) duration: (17)
bit (          5) duration: (14)
bit (          6) duration: (14)
bit (          7) duration: (18)
Error: "verif/uart-tb.sv", 328: top.uart_send_random_shit_test.unnamed$$_0.unnamed$$_13: at time 2069345
Data received (d8) does not match sent data (83)
"verif/uart-tb.sv", 328: top.uart_send_random_shit_test.unnamed$$_0.unnamed$$_13: started at 2121655s failed at 2121655s
	Offending '(rx_data == packet.data)'
startLen: (16), stopLen: (18), data: (10000011)
bit (          0) duration: (17)
bit (          1) duration: (16)
bit (          2) duration: (17)
bit (          3) duration: (14)
bit (          4) duration: (17)
bit (          5) duration: (14)
bit (          6) duration: (14)
bit (          7) duration: (18)
Error: "verif/uart-tb.sv", 328: top.uart_send_random_shit_test.unnamed$$_0.unnamed$$_13: at time 2121655
Data received (34) does not match sent data (83)
"verif/uart-tb.sv", 328: top.uart_send_random_shit_test.unnamed$$_0.unnamed$$_13: started at 2206905s failed at 2206905s
	Offending '(rx_data == packet.data)'
startLen: (16), stopLen: (18), data: (10000011)
bit (          0) duration: (17)
bit (          1) duration: (16)
bit (          2) duration: (17)
bit (          3) duration: (14)
bit (          4) duration: (17)
bit (          5) duration: (14)
bit (          6) duration: (14)
bit (          7) duration: (18)
Error: "verif/uart-tb.sv", 328: top.uart_send_random_shit_test.unnamed$$_0.unnamed$$_13: at time 2206905
Data received (18) does not match sent data (83)
"verif/uart-tb.sv", 328: top.uart_send_random_shit_test.unnamed$$_0.unnamed$$_13: started at 2432085s failed at 2432085s
	Offending '(rx_data == packet.data)'
startLen: (16), stopLen: (18), data: (10000011)
bit (          0) duration: (17)
bit (          1) duration: (16)
bit (          2) duration: (17)
bit (          3) duration: (14)
bit (          4) duration: (17)
bit (          5) duration: (14)
bit (          6) duration: (14)
bit (          7) duration: (18)
Error: "verif/uart-tb.sv", 328: top.uart_send_random_shit_test.unnamed$$_0.unnamed$$_13: at time 2432085
Data received (34) does not match sent data (83)
"verif/uart-tb.sv", 328: top.uart_send_random_shit_test.unnamed$$_0.unnamed$$_13: started at 2439905s failed at 2439905s
	Offending '(rx_data == packet.data)'
startLen: (16), stopLen: (18), data: (10000011)
bit (          0) duration: (17)
bit (          1) duration: (16)
bit (          2) duration: (17)
bit (          3) duration: (14)
bit (          4) duration: (17)
bit (          5) duration: (14)
bit (          6) duration: (14)
bit (          7) duration: (18)
Error: "verif/uart-tb.sv", 328: top.uart_send_random_shit_test.unnamed$$_0.unnamed$$_13: at time 2439905
Data received (1a) does not match sent data (83)
"verif/uart-tb.sv", 328: top.uart_send_random_shit_test.unnamed$$_0.unnamed$$_13: started at 2573945s failed at 2573945s
	Offending '(rx_data == packet.data)'
startLen: (16), stopLen: (18), data: (10000011)
bit (          0) duration: (17)
bit (          1) duration: (16)
bit (          2) duration: (17)
bit (          3) duration: (14)
bit (          4) duration: (17)
bit (          5) duration: (14)
bit (          6) duration: (14)
bit (          7) duration: (18)
Error: "verif/uart-tb.sv", 328: top.uart_send_random_shit_test.unnamed$$_0.unnamed$$_13: at time 2573945
Data received (c3) does not match sent data (83)
"verif/uart-tb.sv", 328: top.uart_send_random_shit_test.unnamed$$_0.unnamed$$_13: started at 2623295s failed at 2623295s
	Offending '(rx_data == packet.data)'
startLen: (16), stopLen: (18), data: (10000011)
bit (          0) duration: (17)
bit (          1) duration: (16)
bit (          2) duration: (17)
bit (          3) duration: (14)
bit (          4) duration: (17)
bit (          5) duration: (14)
bit (          6) duration: (14)
bit (          7) duration: (18)
Error: "verif/uart-tb.sv", 328: top.uart_send_random_shit_test.unnamed$$_0.unnamed$$_13: at time 2623295
Data received (6e) does not match sent data (83)
"verif/uart-tb.sv", 328: top.uart_send_random_shit_test.unnamed$$_0.unnamed$$_13: started at 2675565s failed at 2675565s
	Offending '(rx_data == packet.data)'
startLen: (16), stopLen: (18), data: (10000011)
bit (          0) duration: (17)
bit (          1) duration: (16)
bit (          2) duration: (17)
bit (          3) duration: (14)
bit (          4) duration: (17)
bit (          5) duration: (14)
bit (          6) duration: (14)
bit (          7) duration: (18)
Error: "verif/uart-tb.sv", 328: top.uart_send_random_shit_test.unnamed$$_0.unnamed$$_13: at time 2675565
Data received (38) does not match sent data (83)
"verif/uart-tb.sv", 328: top.uart_send_random_shit_test.unnamed$$_0.unnamed$$_13: started at 2711605s failed at 2711605s
	Offending '(rx_data == packet.data)'
startLen: (16), stopLen: (18), data: (10000011)
bit (          0) duration: (17)
bit (          1) duration: (16)
bit (          2) duration: (17)
bit (          3) duration: (14)
bit (          4) duration: (17)
bit (          5) duration: (14)
bit (          6) duration: (14)
bit (          7) duration: (18)
Error: "verif/uart-tb.sv", 328: top.uart_send_random_shit_test.unnamed$$_0.unnamed$$_13: at time 2711605
Data received (3b) does not match sent data (83)
"verif/uart-tb.sv", 328: top.uart_send_random_shit_test.unnamed$$_0.unnamed$$_13: started at 2776865s failed at 2776865s
	Offending '(rx_data == packet.data)'
startLen: (16), stopLen: (18), data: (10000011)
bit (          0) duration: (17)
bit (          1) duration: (16)
bit (          2) duration: (17)
bit (          3) duration: (14)
bit (          4) duration: (17)
bit (          5) duration: (14)
bit (          6) duration: (14)
bit (          7) duration: (18)
Error: "verif/uart-tb.sv", 328: top.uart_send_random_shit_test.unnamed$$_0.unnamed$$_13: at time 2776865
Data received (00) does not match sent data (83)
"verif/uart-tb.sv", 349: top.uart_send_random_shit_test.unnamed$$_0.unnamed$$_18: started at 2776885s failed at 2776885s
	Offending '(!rx_data_valid)'
Error: "verif/uart-tb.sv", 349: top.uart_send_random_shit_test.unnamed$$_0.unnamed$$_18: at time 2776885
rx_data_valid still set after acknowledgement with rx_data_ready
"verif/uart-tb.sv", 328: top.uart_send_random_shit_test.unnamed$$_0.unnamed$$_13: started at 2896715s failed at 2896715s
	Offending '(rx_data == packet.data)'
startLen: (16), stopLen: (18), data: (10000011)
bit (          0) duration: (17)
bit (          1) duration: (16)
bit (          2) duration: (17)
bit (          3) duration: (14)
bit (          4) duration: (17)
bit (          5) duration: (14)
bit (          6) duration: (14)
bit (          7) duration: (18)
Error: "verif/uart-tb.sv", 328: top.uart_send_random_shit_test.unnamed$$_0.unnamed$$_13: at time 2896715
Data received (1b) does not match sent data (83)
"verif/uart-tb.sv", 328: top.uart_send_random_shit_test.unnamed$$_0.unnamed$$_13: started at 2919785s failed at 2919785s
	Offending '(rx_data == packet.data)'
startLen: (16), stopLen: (18), data: (10000011)
bit (          0) duration: (17)
bit (          1) duration: (16)
bit (          2) duration: (17)
bit (          3) duration: (14)
bit (          4) duration: (17)
bit (          5) duration: (14)
bit (          6) duration: (14)
bit (          7) duration: (18)
Error: "verif/uart-tb.sv", 328: top.uart_send_random_shit_test.unnamed$$_0.unnamed$$_13: at time 2919785
Data received (de) does not match sent data (83)
"verif/uart-tb.sv", 328: top.uart_send_random_shit_test.unnamed$$_0.unnamed$$_13: started at 2962815s failed at 2962815s
	Offending '(rx_data == packet.data)'
startLen: (16), stopLen: (18), data: (10000011)
bit (          0) duration: (17)
bit (          1) duration: (16)
bit (          2) duration: (17)
bit (          3) duration: (14)
bit (          4) duration: (17)
bit (          5) duration: (14)
bit (          6) duration: (14)
bit (          7) duration: (18)
Error: "verif/uart-tb.sv", 328: top.uart_send_random_shit_test.unnamed$$_0.unnamed$$_13: at time 2962815
Data received (c3) does not match sent data (83)
"verif/uart-tb.sv", 328: top.uart_send_random_shit_test.unnamed$$_0.unnamed$$_13: started at 3064295s failed at 3064295s
	Offending '(rx_data == packet.data)'
startLen: (16), stopLen: (18), data: (10000011)
bit (          0) duration: (17)
bit (          1) duration: (16)
bit (          2) duration: (17)
bit (          3) duration: (14)
bit (          4) duration: (17)
bit (          5) duration: (14)
bit (          6) duration: (14)
bit (          7) duration: (18)
Error: "verif/uart-tb.sv", 328: top.uart_send_random_shit_test.unnamed$$_0.unnamed$$_13: at time 3064295
Data received (80) does not match sent data (83)
"verif/uart-tb.sv", 328: top.uart_send_random_shit_test.unnamed$$_0.unnamed$$_13: started at 3149925s failed at 3149925s
	Offending '(rx_data == packet.data)'
startLen: (16), stopLen: (18), data: (10000011)
bit (          0) duration: (17)
bit (          1) duration: (16)
bit (          2) duration: (17)
bit (          3) duration: (14)
bit (          4) duration: (17)
bit (          5) duration: (14)
bit (          6) duration: (14)
bit (          7) duration: (18)
Error: "verif/uart-tb.sv", 328: top.uart_send_random_shit_test.unnamed$$_0.unnamed$$_13: at time 3149925
Data received (de) does not match sent data (83)
"verif/uart-tb.sv", 328: top.uart_send_random_shit_test.unnamed$$_0.unnamed$$_13: started at 3295355s failed at 3295355s
	Offending '(rx_data == packet.data)'
startLen: (16), stopLen: (18), data: (10000011)
bit (          0) duration: (17)
bit (          1) duration: (16)
bit (          2) duration: (17)
bit (          3) duration: (14)
bit (          4) duration: (17)
bit (          5) duration: (14)
bit (          6) duration: (14)
bit (          7) duration: (18)
Error: "verif/uart-tb.sv", 328: top.uart_send_random_shit_test.unnamed$$_0.unnamed$$_13: at time 3295355
Data received (f0) does not match sent data (83)
"verif/uart-tb.sv", 328: top.uart_send_random_shit_test.unnamed$$_0.unnamed$$_13: started at 3324405s failed at 3324405s
	Offending '(rx_data == packet.data)'
startLen: (16), stopLen: (18), data: (10000011)
bit (          0) duration: (17)
bit (          1) duration: (16)
bit (          2) duration: (17)
bit (          3) duration: (14)
bit (          4) duration: (17)
bit (          5) duration: (14)
bit (          6) duration: (14)
bit (          7) duration: (18)
Error: "verif/uart-tb.sv", 328: top.uart_send_random_shit_test.unnamed$$_0.unnamed$$_13: at time 3324405
Data received (78) does not match sent data (83)
"verif/uart-tb.sv", 328: top.uart_send_random_shit_test.unnamed$$_0.unnamed$$_13: started at 3405825s failed at 3405825s
	Offending '(rx_data == packet.data)'
startLen: (16), stopLen: (18), data: (10000011)
bit (          0) duration: (17)
bit (          1) duration: (16)
bit (          2) duration: (17)
bit (          3) duration: (14)
bit (          4) duration: (17)
bit (          5) duration: (14)
bit (          6) duration: (14)
bit (          7) duration: (18)
Error: "verif/uart-tb.sv", 328: top.uart_send_random_shit_test.unnamed$$_0.unnamed$$_13: at time 3405825
Data received (0c) does not match sent data (83)
"verif/uart-tb.sv", 328: top.uart_send_random_shit_test.unnamed$$_0.unnamed$$_13: started at 3663765s failed at 3663765s
	Offending '(rx_data == packet.data)'
startLen: (16), stopLen: (18), data: (10000011)
bit (          0) duration: (17)
bit (          1) duration: (16)
bit (          2) duration: (17)
bit (          3) duration: (14)
bit (          4) duration: (17)
bit (          5) duration: (14)
bit (          6) duration: (14)
bit (          7) duration: (18)
Error: "verif/uart-tb.sv", 328: top.uart_send_random_shit_test.unnamed$$_0.unnamed$$_13: at time 3663765
Data received (18) does not match sent data (83)
"verif/uart-tb.sv", 328: top.uart_send_random_shit_test.unnamed$$_0.unnamed$$_13: started at 3693465s failed at 3693465s
	Offending '(rx_data == packet.data)'
startLen: (16), stopLen: (18), data: (10000011)
bit (          0) duration: (17)
bit (          1) duration: (16)
bit (          2) duration: (17)
bit (          3) duration: (14)
bit (          4) duration: (17)
bit (          5) duration: (14)
bit (          6) duration: (14)
bit (          7) duration: (18)
Error: "verif/uart-tb.sv", 328: top.uart_send_random_shit_test.unnamed$$_0.unnamed$$_13: at time 3693465
Data received (bd) does not match sent data (83)
"verif/uart-tb.sv", 328: top.uart_send_random_shit_test.unnamed$$_0.unnamed$$_13: started at 3725855s failed at 3725855s
	Offending '(rx_data == packet.data)'
startLen: (16), stopLen: (18), data: (10000011)
bit (          0) duration: (17)
bit (          1) duration: (16)
bit (          2) duration: (17)
bit (          3) duration: (14)
bit (          4) duration: (17)
bit (          5) duration: (14)
bit (          6) duration: (14)
bit (          7) duration: (18)
Error: "verif/uart-tb.sv", 328: top.uart_send_random_shit_test.unnamed$$_0.unnamed$$_13: at time 3725855
Data received (41) does not match sent data (83)
"verif/uart-tb.sv", 328: top.uart_send_random_shit_test.unnamed$$_0.unnamed$$_13: started at 3758665s failed at 3758665s
	Offending '(rx_data == packet.data)'
startLen: (16), stopLen: (18), data: (10000011)
bit (          0) duration: (17)
bit (          1) duration: (16)
bit (          2) duration: (17)
bit (          3) duration: (14)
bit (          4) duration: (17)
bit (          5) duration: (14)
bit (          6) duration: (14)
bit (          7) duration: (18)
Error: "verif/uart-tb.sv", 328: top.uart_send_random_shit_test.unnamed$$_0.unnamed$$_13: at time 3758665
Data received (dc) does not match sent data (83)
"verif/uart-tb.sv", 328: top.uart_send_random_shit_test.unnamed$$_0.unnamed$$_13: started at 3788855s failed at 3788855s
	Offending '(rx_data == packet.data)'
startLen: (16), stopLen: (18), data: (10000011)
bit (          0) duration: (17)
bit (          1) duration: (16)
bit (          2) duration: (17)
bit (          3) duration: (14)
bit (          4) duration: (17)
bit (          5) duration: (14)
bit (          6) duration: (14)
bit (          7) duration: (18)
Error: "verif/uart-tb.sv", 328: top.uart_send_random_shit_test.unnamed$$_0.unnamed$$_13: at time 3788855
Data received (fe) does not match sent data (83)
"verif/uart-tb.sv", 328: top.uart_send_random_shit_test.unnamed$$_0.unnamed$$_13: started at 3845375s failed at 3845375s
	Offending '(rx_data == packet.data)'
startLen: (16), stopLen: (18), data: (10000011)
bit (          0) duration: (17)
bit (          1) duration: (16)
bit (          2) duration: (17)
bit (          3) duration: (14)
bit (          4) duration: (17)
bit (          5) duration: (14)
bit (          6) duration: (14)
bit (          7) duration: (18)
Error: "verif/uart-tb.sv", 328: top.uart_send_random_shit_test.unnamed$$_0.unnamed$$_13: at time 3845375
Data received (de) does not match sent data (83)
"verif/uart-tb.sv", 328: top.uart_send_random_shit_test.unnamed$$_0.unnamed$$_13: started at 3922475s failed at 3922475s
	Offending '(rx_data == packet.data)'
startLen: (16), stopLen: (18), data: (10000011)
bit (          0) duration: (17)
bit (          1) duration: (16)
bit (          2) duration: (17)
bit (          3) duration: (14)
bit (          4) duration: (17)
bit (          5) duration: (14)
bit (          6) duration: (14)
bit (          7) duration: (18)
Error: "verif/uart-tb.sv", 328: top.uart_send_random_shit_test.unnamed$$_0.unnamed$$_13: at time 3922475
Data received (0d) does not match sent data (83)
"verif/uart-tb.sv", 328: top.uart_send_random_shit_test.unnamed$$_0.unnamed$$_13: started at 3945995s failed at 3945995s
	Offending '(rx_data == packet.data)'
startLen: (16), stopLen: (18), data: (10000011)
bit (          0) duration: (17)
bit (          1) duration: (16)
bit (          2) duration: (17)
bit (          3) duration: (14)
bit (          4) duration: (17)
bit (          5) duration: (14)
bit (          6) duration: (14)
bit (          7) duration: (18)
Error: "verif/uart-tb.sv", 328: top.uart_send_random_shit_test.unnamed$$_0.unnamed$$_13: at time 3945995
Data received (d3) does not match sent data (83)
"verif/uart-tb.sv", 328: top.uart_send_random_shit_test.unnamed$$_0.unnamed$$_13: started at 3960125s failed at 3960125s
	Offending '(rx_data == packet.data)'
startLen: (16), stopLen: (18), data: (10000011)
bit (          0) duration: (17)
bit (          1) duration: (16)
bit (          2) duration: (17)
bit (          3) duration: (14)
bit (          4) duration: (17)
bit (          5) duration: (14)
bit (          6) duration: (14)
bit (          7) duration: (18)
Error: "verif/uart-tb.sv", 328: top.uart_send_random_shit_test.unnamed$$_0.unnamed$$_13: at time 3960125
Data received (a0) does not match sent data (83)
"verif/uart-tb.sv", 328: top.uart_send_random_shit_test.unnamed$$_0.unnamed$$_13: started at 4013605s failed at 4013605s
	Offending '(rx_data == packet.data)'
startLen: (16), stopLen: (18), data: (10000011)
bit (          0) duration: (17)
bit (          1) duration: (16)
bit (          2) duration: (17)
bit (          3) duration: (14)
bit (          4) duration: (17)
bit (          5) duration: (14)
bit (          6) duration: (14)
bit (          7) duration: (18)
Error: "verif/uart-tb.sv", 328: top.uart_send_random_shit_test.unnamed$$_0.unnamed$$_13: at time 4013605
Data received (00) does not match sent data (83)
"verif/uart-tb.sv", 328: top.uart_send_random_shit_test.unnamed$$_0.unnamed$$_13: started at 4067215s failed at 4067215s
	Offending '(rx_data == packet.data)'
startLen: (16), stopLen: (18), data: (10000011)
bit (          0) duration: (17)
bit (          1) duration: (16)
bit (          2) duration: (17)
bit (          3) duration: (14)
bit (          4) duration: (17)
bit (          5) duration: (14)
bit (          6) duration: (14)
bit (          7) duration: (18)
Error: "verif/uart-tb.sv", 328: top.uart_send_random_shit_test.unnamed$$_0.unnamed$$_13: at time 4067215
Data received (00) does not match sent data (83)
"verif/uart-tb.sv", 328: top.uart_send_random_shit_test.unnamed$$_0.unnamed$$_13: started at 4134795s failed at 4134795s
	Offending '(rx_data == packet.data)'
startLen: (16), stopLen: (18), data: (10000011)
bit (          0) duration: (17)
bit (          1) duration: (16)
bit (          2) duration: (17)
bit (          3) duration: (14)
bit (          4) duration: (17)
bit (          5) duration: (14)
bit (          6) duration: (14)
bit (          7) duration: (18)
Error: "verif/uart-tb.sv", 328: top.uart_send_random_shit_test.unnamed$$_0.unnamed$$_13: at time 4134795
Data received (e4) does not match sent data (83)
"verif/uart-tb.sv", 349: top.uart_send_random_shit_test.unnamed$$_0.unnamed$$_18: started at 4134815s failed at 4134815s
	Offending '(!rx_data_valid)'
Error: "verif/uart-tb.sv", 349: top.uart_send_random_shit_test.unnamed$$_0.unnamed$$_18: at time 4134815
rx_data_valid still set after acknowledgement with rx_data_ready
"verif/uart-tb.sv", 328: top.uart_send_random_shit_test.unnamed$$_0.unnamed$$_13: started at 4151955s failed at 4151955s
	Offending '(rx_data == packet.data)'
startLen: (16), stopLen: (18), data: (10000011)
bit (          0) duration: (17)
bit (          1) duration: (16)
bit (          2) duration: (17)
bit (          3) duration: (14)
bit (          4) duration: (17)
bit (          5) duration: (14)
bit (          6) duration: (14)
bit (          7) duration: (18)
Error: "verif/uart-tb.sv", 328: top.uart_send_random_shit_test.unnamed$$_0.unnamed$$_13: at time 4151955
Data received (a0) does not match sent data (83)
"verif/uart-tb.sv", 328: top.uart_send_random_shit_test.unnamed$$_0.unnamed$$_13: started at 4188195s failed at 4188195s
	Offending '(rx_data == packet.data)'
startLen: (16), stopLen: (18), data: (10000011)
bit (          0) duration: (17)
bit (          1) duration: (16)
bit (          2) duration: (17)
bit (          3) duration: (14)
bit (          4) duration: (17)
bit (          5) duration: (14)
bit (          6) duration: (14)
bit (          7) duration: (18)
Error: "verif/uart-tb.sv", 328: top.uart_send_random_shit_test.unnamed$$_0.unnamed$$_13: at time 4188195
Data received (30) does not match sent data (83)
"verif/uart-tb.sv", 328: top.uart_send_random_shit_test.unnamed$$_0.unnamed$$_13: started at 4217025s failed at 4217025s
	Offending '(rx_data == packet.data)'
startLen: (16), stopLen: (18), data: (10000011)
bit (          0) duration: (17)
bit (          1) duration: (16)
bit (          2) duration: (17)
bit (          3) duration: (14)
bit (          4) duration: (17)
bit (          5) duration: (14)
bit (          6) duration: (14)
bit (          7) duration: (18)
Error: "verif/uart-tb.sv", 328: top.uart_send_random_shit_test.unnamed$$_0.unnamed$$_13: at time 4217025
Data received (6f) does not match sent data (83)
"verif/uart-tb.sv", 328: top.uart_send_random_shit_test.unnamed$$_0.unnamed$$_13: started at 4225105s failed at 4225105s
	Offending '(rx_data == packet.data)'
startLen: (16), stopLen: (18), data: (10000011)
bit (          0) duration: (17)
bit (          1) duration: (16)
bit (          2) duration: (17)
bit (          3) duration: (14)
bit (          4) duration: (17)
bit (          5) duration: (14)
bit (          6) duration: (14)
bit (          7) duration: (18)
Error: "verif/uart-tb.sv", 328: top.uart_send_random_shit_test.unnamed$$_0.unnamed$$_13: at time 4225105
Data received (6e) does not match sent data (83)
"verif/uart-tb.sv", 328: top.uart_send_random_shit_test.unnamed$$_0.unnamed$$_13: started at 4274965s failed at 4274965s
	Offending '(rx_data == packet.data)'
startLen: (16), stopLen: (18), data: (10000011)
bit (          0) duration: (17)
bit (          1) duration: (16)
bit (          2) duration: (17)
bit (          3) duration: (14)
bit (          4) duration: (17)
bit (          5) duration: (14)
bit (          6) duration: (14)
bit (          7) duration: (18)
Error: "verif/uart-tb.sv", 328: top.uart_send_random_shit_test.unnamed$$_0.unnamed$$_13: at time 4274965
Data received (c0) does not match sent data (83)
"verif/uart-tb.sv", 328: top.uart_send_random_shit_test.unnamed$$_0.unnamed$$_13: started at 4305865s failed at 4305865s
	Offending '(rx_data == packet.data)'
startLen: (16), stopLen: (18), data: (10000011)
bit (          0) duration: (17)
bit (          1) duration: (16)
bit (          2) duration: (17)
bit (          3) duration: (14)
bit (          4) duration: (17)
bit (          5) duration: (14)
bit (          6) duration: (14)
bit (          7) duration: (18)
Error: "verif/uart-tb.sv", 328: top.uart_send_random_shit_test.unnamed$$_0.unnamed$$_13: at time 4305865
Data received (d0) does not match sent data (83)
"verif/uart-tb.sv", 328: top.uart_send_random_shit_test.unnamed$$_0.unnamed$$_13: started at 4384765s failed at 4384765s
	Offending '(rx_data == packet.data)'
startLen: (16), stopLen: (18), data: (10000011)
bit (          0) duration: (17)
bit (          1) duration: (16)
bit (          2) duration: (17)
bit (          3) duration: (14)
bit (          4) duration: (17)
bit (          5) duration: (14)
bit (          6) duration: (14)
bit (          7) duration: (18)
Error: "verif/uart-tb.sv", 328: top.uart_send_random_shit_test.unnamed$$_0.unnamed$$_13: at time 4384765
Data received (06) does not match sent data (83)
$finish called from file "verif/uart-tb.sv", line 116.
$finish at simulation time              4385035
Simulation complete, time is 4385035.
Warning: [DVIT111] 
The design was not compiled with stack debug option.
Stack debugging cannot be supported for Stack and Local Panes.
To enable stack debugging capabilities, please compile the design with option '-debug_access+all'.
Please recompile using the '-debug_access<+options>' switch and incremental options as required.  Recommended options are '-debug_access' for post-process debug, '-debug_access+classdbg' for testbench debug, and '-debug_access+all' for all debug capabilities.  Refer the VCS user guide for more granular options for debug control under the switch '-debug_access' and refer to '-debug_region' for region control.
           V C S   S i m u l a t i o n   R e p o r t 
Time: 4385035
CPU Time:      0.770 seconds;       Data structure size:   0.0Mb
Wed Mar 23 17:31:52 2022
[3;J[H[2J                         Chronologic VCS (TM)
         Version K-2015.09_Full64 -- Wed Mar 23 17:31:53 2022
               Copyright (c) 1991-2015 by Synopsys Inc.
                         ALL RIGHTS RESERVED

This program is proprietary and confidential information of Synopsys Inc.
and may be used and disclosed only as authorized in a license agreement
controlling such use and disclosure.

Parsing design file 'verif/uart-tb.sv'
Parsing design file 'rtl/uart-lib.sv'
Parsing design file 'rtl/uart-receiver.sv'

Error-[IND] Identifier not declared
rtl/uart-receiver.sv, 30
  Identifier 'cs' has not been declared yet. If this error is not expected, 
  please check if you have set `default_nettype to none.
  


Error-[IND] Identifier not declared
rtl/uart-receiver.sv, 30
  Identifier 'FULL_OVERRUN' has not been declared yet. If this error is not 
  expected, please check if you have set `default_nettype to none.
  

Parsing design file 'rtl/uart-top.sv'
Parsing design file 'rtl/uart-transmitter.sv'
2 errors
CPU time: .101 seconds to compile
Error: [DVIT009] 
Build error for command 'clear; vcs -debug -sverilog verif/uart-tb.sv rtl/uart-*'.
Build directory '/afs/ece.cmu.edu/usr/davidx/Private/18725/flex-uart'.
[3;J[H[2J                         Chronologic VCS (TM)
         Version K-2015.09_Full64 -- Wed Mar 23 17:32:24 2022
               Copyright (c) 1991-2015 by Synopsys Inc.
                         ALL RIGHTS RESERVED

This program is proprietary and confidential information of Synopsys Inc.
and may be used and disclosed only as authorized in a license agreement
controlling such use and disclosure.

Parsing design file 'verif/uart-tb.sv'
Parsing design file 'rtl/uart-lib.sv'
Parsing design file 'rtl/uart-receiver.sv'
Parsing design file 'rtl/uart-top.sv'
Parsing design file 'rtl/uart-transmitter.sv'
Top Level Modules:
       top
No TimeScale specified
Starting vcs inline pass...
3 modules and 0 UDP read.
	However, due to incremental compilation, only 1 module needs to be compiled.
recompiling module uart because:
	This module or some inlined child module(s) has/have been modified.
rm -f _csrc*.so linux64_scvhdl_*.so pre_vcsobj_*.so share_vcsobj_*.so
if [ -x ../simv ]; then chmod -x ../simv; fi
g++  -o ../simv   -Wl,-rpath-link=./ -Wl,-rpath='$ORIGIN'/simv.daidir/ -Wl,-rpath=./simv.daidir/ -Wl,-rpath='$ORIGIN'/simv.daidir//scsim.db.dir  -rdynamic   amcQwB.o objs/amcQw_d.o   _27535_archive_1.so _prev_archive_1.so  SIM_l.o       rmapats_mop.o rmapats.o rmar.o  rmar_llvm_0_1.o rmar_llvm_0_0.o          /afs/ece.cmu.edu/support/synopsys/synopsys.release/vcs-mx_vK-2015.09/linux64/lib/libzerosoft_rt_stubs.so /afs/ece.cmu.edu/support/synopsys/synopsys.release/vcs-mx_vK-2015.09/linux64/lib/libvirsim.so /afs/ece.cmu.edu/support/synopsys/synopsys.release/vcs-mx_vK-2015.09/linux64/lib/liberrorinf.so /afs/ece.cmu.edu/support/synopsys/synopsys.release/vcs-mx_vK-2015.09/linux64/lib/libsnpsmalloc.so    /afs/ece.cmu.edu/support/synopsys/synopsys.release/vcs-mx_vK-2015.09/linux64/lib/libvcsnew.so /afs/ece.cmu.edu/support/synopsys/synopsys.release/vcs-mx_vK-2015.09/linux64/lib/libsimprofile.so /afs/ece.cmu.edu/support/synopsys/synopsys.release/vcs-mx_vK-2015.09/linux64/lib/libuclinative.so   -Wl,-whole-archive /afs/ece.cmu.edu/support/synopsys/synopsys.release/vcs-mx_vK-2015.09/linux64/lib/libvcsucli.so -Wl,-no-whole-archive          /afs/ece.cmu.edu/support/synopsys/synopsys.release/vcs-mx_vK-2015.09/linux64/lib/vcs_save_restore_new.o -ldl -lm  -lc -lpthread -ldl 
../simv up to date
CPU time: .224 seconds to compile + .243 seconds to elab + .148 seconds to link
Finished rebuilding the design.
Chronologic VCS simulator copyright 1991-2015
Contains Synopsys proprietary information.
Compiler version K-2015.09_Full64; Runtime version K-2015.09_Full64;  Mar 23 17:32 2022
VCD+ Writer K-2015.09_Full64 Copyright (c) 1991-2015 by Synopsys Inc.
The file '/afs/ece.cmu.edu/usr/davidx/Private/18725/flex-uart/inter.vpd' was opened successfully.
$finish called from file "verif/uart-tb.sv", line 116.
$finish at simulation time              4385035
Simulation complete, time is 4385035.
Warning: [DVIT111] 
The design was not compiled with stack debug option.
Stack debugging cannot be supported for Stack and Local Panes.
To enable stack debugging capabilities, please compile the design with option '-debug_access+all'.
Please recompile using the '-debug_access<+options>' switch and incremental options as required.  Recommended options are '-debug_access' for post-process debug, '-debug_access+classdbg' for testbench debug, and '-debug_access+all' for all debug capabilities.  Refer the VCS user guide for more granular options for debug control under the switch '-debug_access' and refer to '-debug_region' for region control.
           V C S   S i m u l a t i o n   R e p o r t 
Time: 4385035
CPU Time:      0.420 seconds;       Data structure size:   0.0Mb
Wed Mar 23 17:34:01 2022
