21:53:27    1196 --> ...                                                                                      [tcl] ucliGUI::start /afs/ece.cmu.edu/usr/davidx/Private/18725/flex-uart/simv -ucligui 
21:53:27    1197 --> ...                                                                                          [tcl] set ucliGUI::state
21:53:27    1198 --> ...                                                                                              [tcl] gui_update_simulator_buttons
21:53:28    1199 --> ...                                                                                                  [tcl] set ucliGUI::state
21:53:28    1200 --> ...  [tcl] ucliCore::getToolPID
21:53:28    1201 --> ...      [tcl] synopsys::env hasTB
21:53:28    1202 --> ...          [tcl] trigger_hier_stack_context_switch 0
21:53:28    1203 --> ...              [tcl] synopsys::xml set_array_limit <data limit="50" />
21:53:28    1204 --> ...                  [tcl] synopsys::xml set_depth_limit <data limit="100" />
21:53:28    1205 --> ...                      [tcl] synopsys::xml set_string_limit <data limit="1000" />
21:53:28    1206 --> ...                          [tcl] synopsys::xml set_only_active_frame <data value="1" />
21:53:28    1207 --> ...                              [tcl] synopsys::xml set_variable_frame_id <data value="1" />
21:53:28    1208 --> ...                                  [tcl] synUtils::setDVEInitPhase 1
21:53:28    1209 --> ...                                      [tcl] gui_get_env SIMSETUP::SIMVPD
21:53:28    1210 --> ...                                          [tcl] synopsys::dump -type VPD -file /afs/ece.cmu.edu/usr/davidx/Private/18725/flex-uart/inter.vpd -locking
21:53:28    1211 --> ...                                              [tcl] synopsys::dump -autoflush on -fid VPD5
21:53:28    1212 --> ...                                                  [tcl] set ::dve_fid VPD5
21:53:28    1213 --> ...                                                      [tcl] synUtils::setDVEInitPhase 0
21:53:28    1214 --> ...                                                          [tcl] ucliCore::getToolPID
21:53:28    1215 --> ...                                                              [tcl] synUtils::sendTool -active _icl_setToolSocket /tmp/smlnpMgRDy6
21:53:28    1216 --> ...                                                                  [tcl] synUtils::sendTool -active {_icl_start_rpc -version "K-2015.09_Full64" -sync_file /tmp/vcs_dve_rpc.davidx.127395}
21:53:28    1217 --> ...                                                                      [tcl] synUtils::sendTool -active {_icl_createSharedMemory /tmp/vcs_dve_general.davidx.127395}
21:53:28    1218 --> ...                                                                          [tcl] config endofsim noexit
21:53:28    1219 --> ...                                                                              [tcl] config onfail enable all
21:53:28    1220 --> ...                                                                                  [tcl] config syscaddplainmembers
21:53:28    1221 --> ...                                                                                      [tcl] config syscaddsourcenames
21:53:28    1222 --> ...                                                                                          [tcl] config syscaddstructtypes
21:53:28    1223 --> ...                                                                                              [tcl] synopsys::listing -disable
21:53:28    1224 --> ...                                                                                                  [tcl] # Begin_DVE_Session_Save_Info
21:53:28    1225 --> ...  [tcl] # DVE restart session
21:53:28    1226 --> ...      [tcl] # Saved on Wed Mar 2 21:53:25 2022
21:53:28    1227 --> ...          [tcl] # Designs open: 1
21:53:28    1228 --> ...              [tcl] #   Sim: /afs/ece.cmu.edu/usr/davidx/Private/18725/flex-uart/simv
21:53:28    1229 --> ...                  [tcl] # Toplevel windows open: 3
21:53:28    1230 --> ...                      [tcl] # 	TopLevel.1
21:53:28    1231 --> ...                          [tcl] # 	TopLevel.2
21:53:28    1232 --> ...                              [tcl] # 	TopLevel.3
21:53:28    1233 --> ...                                  [tcl] #   Source.1: top
21:53:28    1234 --> ...                                      [tcl] #   Wave.1: 19 signals
21:53:28    1235 --> ...                                          [tcl] #   Wave.2: 17 signals
21:53:28    1236 --> ...                                              [tcl] #   Group count = 2
21:53:28    1237 --> ...                                                  [tcl] #   Group Group1 signal count = 19
21:53:28    1238 --> ...                                                      [tcl] #   Group Group2 signal count = 17
21:53:28    1239 --> ...                                                          [tcl] # End_DVE_Session_Save_Info
21:53:28    1240 --> ...                                                              [tcl] # DVE version: K-2015.09_Full64
21:53:28    1241 --> ...                                                                  [tcl] # DVE build date: Aug 25 2015 21:36:02
21:53:28    1242 --> ...                                                                      [tcl] #<Session mode="Restart" path=".restartSimSession.tcl" type="Debug">
21:53:28    1243 --> ...                                                                          [tcl] gui_set_loading_session_type Restart
21:53:28    1244 --> ...                                                                              [tcl] gui_continuetime_set
21:53:28    1245 --> ...                                                                                  [tcl] gui_clear_window -type Wave
21:53:28    1246 --> ...                                                                                      [tcl] gui_clear_window -type List
21:53:28    1247 --> ...                                                                                          [tcl] # Application preferences
21:53:28    1248 --> ...                                                                                              [tcl] gui_set_pref_value -key app_default_font -value {Helvetica,10,-1,5,50,0,0,0,0,0}
21:53:28    1249 --> ...                                                                                                  [tcl] gui_src_preferences -tabstop 8 -maxbits 24 -windownumber 1
21:53:28    1250 --> ...  [tcl] #<WindowLayout>
21:53:28    1251 --> ...      [tcl] # DVE top-level session
21:53:28    1252 --> ...          [tcl] # Create and position top-level window: TopLevel.1
21:53:28    1253 --> ...              [tcl] set TopLevel.1 TopLevel.1
21:53:28    1254 --> ...                  [tcl] # Docked window settings
21:53:28    1255 --> ...                      [tcl] set HSPane.1 HSPane.1
21:53:28    1256 --> ...                          [tcl] set Hier.1 Hier.1
21:53:28    1257 --> ...                              [tcl] set Stack.1 Stack.1
21:53:28    1258 --> ...                                  [tcl] set Class.1 Class.1
21:53:28    1259 --> ...                                      [tcl] set Object.1 Object.1
21:53:28    1260 --> ...                                          [tcl] set DLPane.1 DLPane.1
21:53:28    1261 --> ...                                              [tcl] set Data.1 Data.1
21:53:28    1262 --> ...                                                  [tcl] set Local.1 Local.1
21:53:28    1263 --> ...                                                      [tcl] set Member.1 Member.1
21:53:28    1264 --> ...                                                          [tcl] set Console.1 Console.1
21:53:28    1265 --> ...                                                              [tcl] gui_sync_global -id ${TopLevel.1} -option true
21:53:28    1266 --> ...                                                                  [tcl] # MDI window settings
21:53:28    1267 --> ...                                                                      [tcl] set Source.1 Source.1
21:53:28    1268 --> ...                                                                          [tcl] gui_update_layout -id ${Source.1} {{show_state maximized} {dock_state undocked} {dock_on_new_line false}}
21:53:28    1269 --> ...                                                                              [tcl] # End MDI window settings
21:53:28    1270 --> ...                                                                                  [tcl] # Create and position top-level window: TopLevel.2
21:53:28    1271 --> ...                                                                                      [tcl] set TopLevel.2 TopLevel.2
21:53:28    1272 --> ...                                                                                          [tcl] # Docked window settings
21:53:28    1273 --> ...                                                                                              [tcl] gui_sync_global -id ${TopLevel.2} -option true
21:53:28    1274 --> ...                                                                                                  [tcl] # MDI window settings
21:53:28    1275 --> ...  [tcl] set Wave.1 Wave.1
21:53:28    1276 --> ...      [tcl] gui_update_layout -id ${Wave.1} {{show_state maximized} {dock_state undocked} {dock_on_new_line false} {child_wave_left 556} {child_wave_right 1358} {child_wave_colname 276} {child_wave_colvalue 276} {child_wave_col1 0} {child_wave_col2 1}}
21:53:28    1277 --> ...          [tcl] # End MDI window settings
21:53:28    1278 --> ...              [tcl] # Create and position top-level window: TopLevel.3
21:53:28    1279 --> ...                  [tcl] set TopLevel.3 TopLevel.3
21:53:28    1280 --> ...                      [tcl] # Docked window settings
21:53:28    1281 --> ...                          [tcl] gui_sync_global -id ${TopLevel.3} -option true
21:53:28    1282 --> ...                              [tcl] # MDI window settings
21:53:28    1283 --> ...                                  [tcl] set Wave.2 Wave.2
21:53:28    1284 --> ...                                      [tcl] gui_update_layout -id ${Wave.2} {{show_state maximized} {dock_state undocked} {dock_on_new_line false} {child_wave_left 557} {child_wave_right 1357} {child_wave_colname 277} {child_wave_colvalue 276} {child_wave_col1 0} {child_wave_col2 1}}
21:53:28    1285 --> ...                                          [tcl] # End MDI window settings
21:53:28    1286 --> ...                                              [tcl] #</WindowLayout>
21:53:28    1287 --> ...                                                  [tcl] #<Database>
21:53:28    1288 --> ...                                                      [tcl] gui_set_precision 1s
21:53:28    1289 --> ...                                                          [tcl] gui_set_time_units 1s
21:53:28    1290 --> ...                                                              [tcl] #</Database>
21:53:28    1291 --> ...                                                                  [tcl] # DVE Global setting session:
21:53:28    1292 --> ...                                                                      [tcl] # Global: Breakpoints
21:53:28    1293 --> ...                                                                          [tcl] # Global: Bus
21:53:28    1294 --> ...                                                                              [tcl] # Global: Expressions
21:53:28    1295 --> ...                                                                                  [tcl] # Global: Signal Time Shift
21:53:28    1296 --> ...                                                                                      [tcl] # Global: Signal Compare
21:53:28    1297 --> ...                                                                                          [tcl] # Global: Signal Groups
21:53:28    1298 --> ...                                                                                              [tcl] gui_load_child_values {top.dut.uart_recv}
21:53:28    1299 --> ...                                                                                                  [tcl] synopsys::dump -add {top.dut.uart_recv} -scope "." -depth 1 -fid VPD5
21:53:28    1300 --> ...  [tcl] set _session_group_9 Group1
21:53:28    1301 --> ...      [tcl] gui_sg_create "$_session_group_9"
21:53:28    1302 --> ...          [tcl] set Group1 "$_session_group_9"
21:53:28    1303 --> ...              [tcl] gui_sg_addsignal -group "$_session_group_9" { top.dut.uart_recv.clk top.dut.uart_recv.rst_n top.dut.uart_recv.raw_rx_bitstream top.dut.uart_recv.host_ready top.dut.uart_recv.clear_framing_err top.dut.uart_recv.rx_data top.dut.uart_recv.rx_data_valid top.dut.uart_recv.framing_err top.dut.uart_recv.overrun top.dut.uart_recv.rx_bitstream top.dut.uart_recv.active_rx top.dut.uart_recv.bit_ready top.dut.uart_recv.rx_bit top.dut.uart_recv.done top.dut.uart_recv.framing_err_internal top.dut.uart_recv.shift_in top.dut.uart_recv.xfer_to_buf top.dut.uart_recv.cs top.dut.uart_recv.ns }
21:53:28    1304 --> ...                  [tcl] set _session_group_10 Group2
21:53:29    1305 --> ...                      [tcl] gui_sg_create "$_session_group_10"
21:53:29    1306 --> ...                          [tcl] set Group2 "$_session_group_10"
21:53:29    1307 --> ...                              [tcl] gui_sg_addsignal -group "$_session_group_10" { top.dut.uart_recv.rx_core.clk top.dut.uart_recv.rx_core.rst_n top.dut.uart_recv.rx_core.active_rx top.dut.uart_recv.rx_core.bit_ready top.dut.uart_recv.rx_core.rx_bit top.dut.uart_recv.rx_core.framing_err top.dut.uart_recv.rx_core.done top.dut.uart_recv.rx_core.timing_offset top.dut.uart_recv.rx_core.bit_count top.dut.uart_recv.rx_core.last_logic_level top.dut.uart_recv.rx_core.resync top.dut.uart_recv.rx_core.bitstream_in top.dut.uart_recv.rx_core.take_sample top.dut.uart_recv.rx_core.do_edge_count top.dut.uart_recv.rx_core.did_sample top.dut.uart_recv.rx_core.cs top.dut.uart_recv.rx_core.ns }
21:53:29    1308 --> ...                                  [tcl] # Global: Highlighting
21:53:29    1309 --> ...                                      [tcl] # Global: Stack
21:53:29    1310 --> ...                                          [tcl] gui_change_stack_mode -mode list
21:53:29    1311 --> ...                                              [tcl] # Post database loading setting...
21:53:29    1312 --> ...                                                  [tcl] # Save global setting...
21:53:29    1313 --> ...                                                      [tcl] # Wave/List view global setting
21:53:29    1314 --> ...                                                          [tcl] gui_cov_show_value -switch false
21:53:29    1315 --> ...                                                              [tcl] # Close all empty TopLevel windows
21:53:29    1316 --> ...                                                                  [tcl] foreach __top [gui_ekki_get_window_ids -type TopLevel] {     if { [llength [gui_ekki_get_window_ids -parent $__top]] == 0} {         gui_close_window -window $__top     } }
21:53:29    1317 --> ...                                                                      [tcl] gui_set_loading_session_type noSession
21:53:29    1318 --> ...                                                                          [tcl] # DVE View/pane content session:
21:53:29    1319 --> ...                                                                              [tcl] # Hier 'Hier.1'
21:53:29    1320 --> ...                                                                                  [tcl] gui_show_window -window ${Hier.1}
21:53:29    1321 --> ...                                                                                      [tcl] gui_list_set_filter -id ${Hier.1} -list { {Package 1} {All 0} {Process 1} {VirtPowSwitch 0} {UnnamedProcess 1} {UDP 0} {Function 1} {Block 1} {SrsnAndSpaCell 0} {OVA Unit 1} {LeafScCell 1} {LeafVlgCell 1} {Interface 1} {LeafVhdCell 1} {$unit 1} {NamedBlock 1} {Task 1} {VlgPackage 1} {ClassDef 1} {VirtIsoCell 0} }
21:53:29    1322 --> ...                                                                                          [tcl] gui_list_set_filter -id ${Hier.1} -text {*}
21:53:29    1323 --> ...                                                                                              [tcl] gui_change_design -id ${Hier.1} -design Sim
21:53:29    1324 --> ...                                                                                                  [tcl] catch {gui_list_expand -id ${Hier.1} top}
21:53:29    1325 --> ...  [tcl] catch {gui_list_expand -id ${Hier.1} top.dut}
21:53:29    1326 --> ...      [tcl] catch {gui_list_expand -id ${Hier.1} top.dut.uart_recv}
21:53:29    1327 --> ...          [tcl] catch {gui_list_select -id ${Hier.1} {top.dut.uart_recv.rx_core}}
21:53:29    1328 --> ...              [tcl] dveMisc::vbusExpand top.dut.uart_recv.rx_core
21:53:29    1329 --> ...                  [tcl] gui_view_scroll -id ${Hier.1} -vertical -set 0
21:53:29    1330 --> ...                      [tcl] gui_view_scroll -id ${Hier.1} -horizontal -set 0
21:53:29    1331 --> ...                          [tcl] # Class 'Class.1'
21:53:29    1332 --> ...                              [tcl] gui_list_set_filter -id ${Class.1} -list { {OVM 1} {VMM 1} {All 1} {Object 1} {UVM 1} {RVM 1} }
21:53:29    1333 --> ...                                  [tcl] gui_list_set_filter -id ${Class.1} -text {*}
21:53:29    1334 --> ...                                      [tcl] gui_change_design -id ${Class.1} -design Sim
21:53:29    1335 --> ...                                          [tcl] # Member 'Member.1'
21:53:29    1336 --> ...                                              [tcl] gui_list_set_filter -id ${Member.1} -list { {InternalMember 0} {RandMember 1} {All 0} {BaseMember 0} {PrivateMember 1} {LibBaseMember 0} {AutomaticMember 1} {VirtualMember 1} {PublicMember 1} {ProtectedMember 1} {OverRiddenMember 0} {InterfaceClassMember 1} {StaticMember 1} }
21:53:29    1337 --> ...                                                  [tcl] gui_list_set_filter -id ${Member.1} -text {*}
21:53:29    1338 --> ...                                                      [tcl] # Data 'Data.1'
21:53:29    1339 --> ...                                                          [tcl] gui_list_set_filter -id ${Data.1} -list { {Buffer 1} {Input 1} {Others 1} {Linkage 1} {Output 1} {LowPower 1} {Parameter 1} {All 1} {Aggregate 1} {LibBaseMember 1} {Event 1} {Assertion 1} {Constant 1} {Interface 1} {BaseMembers 1} {Signal 1} {$unit 1} {Inout 1} {Variable 1} }
21:53:29    1340 --> ...                                                              [tcl] gui_list_set_filter -id ${Data.1} -text {*}
21:53:29    1341 --> ...                                                                  [tcl] gui_list_show_data -id ${Data.1} {top.dut.uart_recv.rx_core}
21:53:29    1342 --> ...                                                                      [tcl] gui_show_window -window ${Data.1}
21:53:29    1343 --> ...                                                                          [tcl] catch { gui_list_select -id ${Data.1} {top.dut.uart_recv.rx_core.did_sample top.dut.uart_recv.rx_core.framing_err top.dut.uart_recv.rx_core.bit_ready top.dut.uart_recv.rx_core.ns top.dut.uart_recv.rx_core.active_rx top.dut.uart_recv.rx_core.resync top.dut.uart_recv.rx_core.rx_bit top.dut.uart_recv.rx_core.bit_count top.dut.uart_recv.rx_core.do_edge_count top.dut.uart_recv.rx_core.bitstream_in top.dut.uart_recv.rx_core.take_sample top.dut.uart_recv.rx_core.clk top.dut.uart_recv.rx_core.cs top.dut.uart_recv.rx_core.timing_offset top.dut.uart_recv.rx_core.done top.dut.uart_recv.rx_core.rst_n top.dut.uart_recv.rx_core.last_logic_level }}
21:53:29    1344 --> ...                                                                              [tcl] gui_view_scroll -id ${Data.1} -vertical -set 0
21:53:29    1345 --> ...                                                                                  [tcl] gui_view_scroll -id ${Data.1} -horizontal -set 0
21:53:29    1346 --> ...                                                                                      [tcl] gui_view_scroll -id ${Hier.1} -vertical -set 0
21:53:29    1347 --> ...                                                                                          [tcl] gui_view_scroll -id ${Hier.1} -horizontal -set 0
21:53:29    1348 --> ...                                                                                              [tcl] # Source 'Source.1'
21:53:29    1349 --> ...                                                                                                  [tcl] gui_src_value_annotate -id ${Source.1} -switch false
21:53:29    1350 --> ...  [tcl] gui_set_env TOGGLE::VALUEANNOTATE 0
21:53:29    1351 --> ...      [tcl] gui_open_source -id ${Source.1}  -replace -active top /afs/ece.cmu.edu/usr/davidx/Private/18725/flex-uart/verif/uart-tb.sv
21:53:29    1352 --> ...          [tcl] gui_view_scroll -id ${Source.1} -vertical -set 208
21:53:29    1353 --> ...              [tcl] gui_src_set_reusable -id ${Source.1}
21:53:29    1354 --> ...                  [tcl] # Warning: Class view not found.
21:53:29    1355 --> ...                      [tcl] # View 'Wave.1'
21:53:29    1356 --> ...                          [tcl] gui_wv_sync -id ${Wave.1} -switch false
21:53:29    1357 --> ...                              [tcl] set groupExD [gui_get_pref_value -category Wave -key exclusiveSG]
21:53:29    1358 --> ...                                  [tcl] gui_set_pref_value -category Wave -key exclusiveSG -value {false}
21:53:29    1359 --> ...                                      [tcl] set origWaveHeight [gui_get_pref_value -category Wave -key waveRowHeight]
21:53:29    1360 --> ...                                          [tcl] gui_list_set_height -id Wave -height 25
21:53:29    1361 --> ...                                              [tcl] set origGroupCreationState [gui_list_create_group_when_add -wave]
21:53:29    1362 --> ...                                                  [tcl] gui_list_create_group_when_add -wave -disable
21:53:29    1363 --> ...                                                      [tcl] gui_wv_zoom_timerange -id ${Wave.1} 167770 168682
21:53:29    1364 --> ...                                                          [tcl] gui_list_add_group -id ${Wave.1} -after {New Group} {Group1}
21:53:29    1365 --> ...                                                              [tcl] gui_list_select -id ${Wave.1} {top.dut.uart_recv.rx_bitstream }
21:53:29    1366 --> ...                                                                  [tcl] gui_seek_criteria -id ${Wave.1} {Any Edge}
21:53:29    1367 --> ...                                                                      [tcl] gui_set_pref_value -category Wave -key exclusiveSG -value $groupExD
21:53:29    1368 --> ...                                                                          [tcl] gui_list_set_height -id Wave -height $origWaveHeight
21:53:29    1369 --> ...                                                                              [tcl] if {$origGroupCreationState} { 	gui_list_create_group_when_add -wave -enable }
21:53:29    1370 --> ...                                                                                  [tcl] if { $groupExD } {  gui_msg_report -code DVWW028 }
21:53:29    1371 --> ...                                                                                      [tcl] gui_list_set_filter -id ${Wave.1} -list { {Buffer 1} {Input 1} {Others 1} {Linkage 1} {Output 1} {Parameter 1} {All 1} {Aggregate 1} {LibBaseMember 1} {Event 1} {Assertion 1} {Constant 1} {Interface 1} {BaseMembers 1} {Signal 1} {$unit 1} {Inout 1} {Variable 1} }
21:53:29    1372 --> ...                                                                                          [tcl] gui_list_set_filter -id ${Wave.1} -text {*}
21:53:29    1373 --> ...                                                                                              [tcl] gui_list_set_insertion_bar  -id ${Wave.1} -group Group1  -position in
21:53:29    1374 --> ...                                                                                                  [tcl] gui_view_scroll -id ${Wave.1} -vertical -set 0
21:53:29    1375 --> ...  [tcl] gui_show_grid -id ${Wave.1} -enable false
21:53:29    1376 --> ...      [tcl] # View 'Wave.2'
21:53:29    1377 --> ...          [tcl] gui_wv_sync -id ${Wave.2} -switch false
21:53:29    1378 --> ...              [tcl] set groupExD [gui_get_pref_value -category Wave -key exclusiveSG]
21:53:29    1379 --> ...                  [tcl] gui_set_pref_value -category Wave -key exclusiveSG -value {false}
21:53:29    1380 --> ...                      [tcl] set origWaveHeight [gui_get_pref_value -category Wave -key waveRowHeight]
21:53:29    1381 --> ...                          [tcl] gui_list_set_height -id Wave -height 25
21:53:29    1382 --> ...                              [tcl] set origGroupCreationState [gui_list_create_group_when_add -wave]
21:53:29    1383 --> ...                                  [tcl] gui_list_create_group_when_add -wave -disable
21:53:29    1384 --> ...                                      [tcl] gui_wv_zoom_timerange -id ${Wave.2} 168060 168391
21:53:29    1385 --> ...                                          [tcl] gui_list_add_group -id ${Wave.2} -after {New Group} {Group2}
21:53:29    1386 --> ...                                              [tcl] ucliGUI::vpdAddHierarchy -scope top.dut.uart_recv.rx_core -depth 1 -file /afs/ece.cmu.edu/usr/davidx/Private/18725/flex-uart/inter.vpd; synopsys::dump -flush VPD5
21:53:29    1387 --> ...                                                  [tcl] synopsys::dump -add {top.dut.uart_recv.rx_core.active_rx top.dut.uart_recv.rx_core.bit_count top.dut.uart_recv.rx_core.bit_ready top.dut.uart_recv.rx_core.bitstream_in top.dut.uart_recv.rx_core.clk top.dut.uart_recv.rx_core.cs top.dut.uart_recv.rx_core.did_sample top.dut.uart_recv.rx_core.do_edge_count top.dut.uart_recv.rx_core.done top.dut.uart_recv.rx_core.framing_err top.dut.uart_recv.rx_core.last_logic_level top.dut.uart_recv.rx_core.ns top.dut.uart_recv.rx_core.resync top.dut.uart_recv.rx_core.rst_n top.dut.uart_recv.rx_core.rx_bit top.dut.uart_recv.rx_core.take_sample top.dut.uart_recv.rx_core.timing_offset } -aggregates  -fid VPD5
21:53:29    1388 --> ...                                                      [tcl] gui_list_select -id ${Wave.2} {top.dut.uart_recv.rx_core.bitstream_in }
21:53:29    1389 --> ...                                                          [tcl] gui_seek_criteria -id ${Wave.2} {Any Edge}
21:53:29    1390 --> ...                                                              [tcl] gui_set_env TOGGLE::DEFAULT_WAVE_WINDOW ${Wave.2}
21:53:29    1391 --> ...                                                                  [tcl] gui_set_pref_value -category Wave -key exclusiveSG -value $groupExD
21:53:29    1392 --> ...                                                                      [tcl] gui_list_set_height -id Wave -height $origWaveHeight
21:53:29    1393 --> ...                                                                          [tcl] if {$origGroupCreationState} { 	gui_list_create_group_when_add -wave -enable }
21:53:29    1394 --> ...                                                                              [tcl] if { $groupExD } {  gui_msg_report -code DVWW028 }
21:53:29    1395 --> ...                                                                                  [tcl] gui_list_set_filter -id ${Wave.2} -list { {Buffer 1} {Input 1} {Others 1} {Linkage 1} {Output 1} {Parameter 1} {All 1} {Aggregate 1} {LibBaseMember 1} {Event 1} {Assertion 1} {Constant 1} {Interface 1} {BaseMembers 1} {Signal 1} {$unit 1} {Inout 1} {Variable 1} }
21:53:29    1396 --> ...                                                                                      [tcl] gui_list_set_filter -id ${Wave.2} -text {*}
21:53:29    1397 --> ...                                                                                          [tcl] gui_list_set_insertion_bar  -id ${Wave.2} -group Group2  -item top.dut.uart_recv.rx_core.bitstream_in -position below
21:53:29    1398 --> ...                                                                                              [tcl] gui_view_scroll -id ${Wave.2} -vertical -set 0
21:53:29    1399 --> ...                                                                                                  [tcl] gui_show_grid -id ${Wave.2} -enable false
21:53:29    1400 --> ...  [tcl] # Restore toplevel window zorder
21:53:29    1401 --> ...      [tcl] # The toplevel window could be closed if it has no view/pane
21:53:29    1402 --> ...          [tcl] if {[gui_exist_window -window ${TopLevel.2}]} { 	gui_set_active_window -window ${TopLevel.2} 	gui_set_active_window -window ${Wave.1} }
21:53:29    1403 --> ...              [tcl] if {[gui_exist_window -window ${TopLevel.1}]} { 	gui_set_active_window -window ${TopLevel.1} 	gui_set_active_window -window ${Source.1} 	gui_set_active_window -window ${DLPane.1} }
21:53:29    1404 --> ...                  [tcl] if {[gui_exist_window -window ${TopLevel.3}]} { 	gui_set_active_window -window ${TopLevel.3} 	gui_set_active_window -window ${Wave.2} }
21:53:29    1405 --> ...                      [tcl] #</Session>
21:53:51    1406 --> ...                          [tcl] synopsys::run
21:53:51    1407 --> ...                              [tcl] set ucliGUI::state
21:53:51    1408 --> ...                                  [tcl] set ucliGUI::state
21:53:51    1409 --> ...                                      [tcl] set ucliGUI::state
21:53:51    1410 --> ...                                          [tcl] set ucliGUI::state
21:53:51    1411 --> ...                                              [tcl] catch {senv activeDomain} dveMisc::result 
21:53:51    1412 --> ...                                                  [tcl] set dveMisc::result
21:53:51    1413 --> ...                                                      [tcl] gui_update_simulator_buttons
